{"C:\\Users\\user\\Desktop\\React\\react\\vite-project\\src\\components\\Flyout\\Flyout.tsx": {"path":"C:\\Users\\user\\Desktop\\React\\react\\vite-project\\src\\components\\Flyout\\Flyout.tsx","statementMap":{"0":{"start":{"line":1,"column":0},"end":{"line":1,"column":null}},"1":{"start":{"line":5,"column":0},"end":{"line":5,"column":null}},"2":{"start":{"line":9,"column":0},"end":{"line":9,"column":41}},"3":{"start":{"line":13,"column":4},"end":{"line":13,"column":19}},"4":{"start":{"line":18,"column":6},"end":{"line":18,"column":25}},"5":{"start":{"line":20,"column":2},"end":{"line":24,"column":3}},"6":{"start":{"line":23,"column":4},"end":{"line":23,"column":16}},"7":{"start":{"line":28,"column":6},"end":{"line":28,"column":24}},"8":{"start":{"line":31,"column":6},"end":{"line":36,"column":19}},"9":{"start":{"line":34,"column":12},"end":{"line":34,"column":50}},"10":{"start":{"line":39,"column":6},"end":{"line":39,"column":20}},"11":{"start":{"line":42,"column":6},"end":{"line":44,"column":8}},"12":{"start":{"line":47,"column":6},"end":{"line":48,"column":null}},"13":{"start":{"line":52,"column":6},"end":{"line":53,"column":null}},"14":{"start":{"line":56,"column":4},"end":{"line":56,"column":17}},"15":{"start":{"line":58,"column":4},"end":{"line":58,"column":48}},"16":{"start":{"line":60,"column":4},"end":{"line":60,"column":14}},"17":{"start":{"line":62,"column":4},"end":{"line":64,"column":6}},"18":{"start":{"line":66,"column":4},"end":{"line":66,"column":19}},"19":{"start":{"line":70,"column":4},"end":{"line":70,"column":20}},"20":{"start":{"line":72,"column":4},"end":{"line":72,"column":19}},"21":{"start":{"line":75,"column":2},"end":{"line":138,"column":4}},"22":{"start":{"line":86,"column":10},"end":{"line":87,"column":null}},"23":{"start":{"line":141,"column":0},"end":{"line":141,"column":22}}},"fnMap":{"0":{"name":"Flyout","decl":{"start":{"line":11,"column":9},"end":{"line":11,"column":15}},"loc":{"start":{"line":11,"column":15},"end":{"line":139,"column":1}}},"1":{"name":"handleDownload","decl":{"start":{"line":26,"column":11},"end":{"line":26,"column":25}},"loc":{"start":{"line":26,"column":25},"end":{"line":67,"column":3}}},"2":{"name":"(anonymous_3)","decl":{"start":{"line":33,"column":10},"end":{"line":33,"column":11}},"loc":{"start":{"line":34,"column":12},"end":{"line":34,"column":50}}},"3":{"name":"handleClear","decl":{"start":{"line":69,"column":11},"end":{"line":69,"column":22}},"loc":{"start":{"line":69,"column":22},"end":{"line":73,"column":3}}},"4":{"name":"(anonymous_5)","decl":{"start":{"line":85,"column":17},"end":{"line":85,"column":20}},"loc":{"start":{"line":86,"column":10},"end":{"line":87,"column":null}}}},"branchMap":{"0":{"loc":{"start":{"line":20,"column":2},"end":{"line":24,"column":3}},"type":"if","locations":[{"start":{"line":20,"column":2},"end":{"line":24,"column":3}},{"start":{},"end":{}}]},"1":{"loc":{"start":{"line":94,"column":7},"end":{"line":135,"column":null}},"type":"binary-expr","locations":[{"start":{"line":94,"column":7},"end":{"line":94,"column":11}},{"start":{"line":95,"column":8},"end":{"line":134,"column":null}}]}},"s":{"0":2,"1":2,"2":2,"3":13,"4":12,"5":12,"6":8,"7":0,"8":0,"9":0,"10":0,"11":0,"12":0,"13":0,"14":0,"15":0,"16":0,"17":0,"18":0,"19":0,"20":0,"21":4,"22":1,"23":2},"f":{"0":13,"1":0,"2":0,"3":0,"4":1},"b":{"0":[8,4],"1":[4,1]}}
,"C:\\Users\\user\\Desktop\\React\\react\\vite-project\\src\\components\\Loader\\Loader.tsx": {"path":"C:\\Users\\user\\Desktop\\React\\react\\vite-project\\src\\components\\Loader\\Loader.tsx","statementMap":{"0":{"start":{"line":1,"column":0},"end":{"line":1,"column":41}},"1":{"start":{"line":4,"column":2},"end":{"line":14,"column":4}},"2":{"start":{"line":17,"column":0},"end":{"line":17,"column":22}}},"fnMap":{"0":{"name":"Loader","decl":{"start":{"line":3,"column":9},"end":{"line":3,"column":15}},"loc":{"start":{"line":3,"column":15},"end":{"line":15,"column":1}}}},"branchMap":{},"s":{"0":3,"1":2,"2":3},"f":{"0":2},"b":{}}
,"C:\\Users\\user\\Desktop\\React\\react\\vite-project\\src\\components\\MovieCard\\MovieCard.tsx": {"path":"C:\\Users\\user\\Desktop\\React\\react\\vite-project\\src\\components\\MovieCard\\MovieCard.tsx","statementMap":{"0":{"start":{"line":1,"column":0},"end":{"line":1,"column":null}},"1":{"start":{"line":10,"column":0},"end":{"line":10,"column":44}},"2":{"start":{"line":12,"column":0},"end":{"line":12,"column":null}},"3":{"start":{"line":24,"column":4},"end":{"line":24,"column":21}},"4":{"start":{"line":27,"column":4},"end":{"line":28,"column":7}},"5":{"start":{"line":31,"column":4},"end":{"line":33,"column":11}},"6":{"start":{"line":38,"column":6},"end":{"line":38,"column":25}},"7":{"start":{"line":41,"column":4},"end":{"line":43,"column":68}},"8":{"start":{"line":45,"column":2},"end":{"line":102,"column":4}},"9":{"start":{"line":57,"column":10},"end":{"line":57,"column":29}},"10":{"start":{"line":60,"column":10},"end":{"line":66,"column":12}},"11":{"start":{"line":105,"column":0},"end":{"line":105,"column":25}}},"fnMap":{"0":{"name":"MovieCard","decl":{"start":{"line":20,"column":9},"end":{"line":20,"column":18}},"loc":{"start":{"line":22,"column":8},"end":{"line":103,"column":1}}},"1":{"name":"(anonymous_2)","decl":{"start":{"line":56,"column":17},"end":{"line":56,"column":18}},"loc":{"start":{"line":57,"column":10},"end":{"line":57,"column":29}}},"2":{"name":"(anonymous_3)","decl":{"start":{"line":59,"column":18},"end":{"line":59,"column":21}},"loc":{"start":{"line":60,"column":10},"end":{"line":66,"column":12}}}},"branchMap":{"0":{"loc":{"start":{"line":27,"column":4},"end":{"line":28,"column":7}},"type":"binary-expr","locations":[{"start":{"line":27,"column":4},"end":{"line":27,"column":28}},{"start":{"line":28,"column":4},"end":{"line":28,"column":7}}]},"1":{"loc":{"start":{"line":31,"column":4},"end":{"line":33,"column":11}},"type":"binary-expr","locations":[{"start":{"line":31,"column":4},"end":{"line":32,"column":null}},{"start":{"line":33,"column":9},"end":{"line":33,"column":11}}]},"2":{"loc":{"start":{"line":41,"column":4},"end":{"line":43,"column":68}},"type":"cond-expr","locations":[{"start":{"line":42,"column":8},"end":{"line":42,"column":61}},{"start":{"line":43,"column":8},"end":{"line":43,"column":68}}]}},"s":{"0":1,"1":1,"2":1,"3":3,"4":3,"5":3,"6":3,"7":3,"8":3,"9":0,"10":0,"11":1},"f":{"0":3,"1":0,"2":0},"b":{"0":[3,3],"1":[3,3],"2":[3,0]}}
,"C:\\Users\\user\\Desktop\\React\\react\\vite-project\\src\\components\\MovieList\\MovieList.tsx": {"path":"C:\\Users\\user\\Desktop\\React\\react\\vite-project\\src\\components\\MovieList\\MovieList.tsx","statementMap":{"0":{"start":{"line":1,"column":0},"end":{"line":1,"column":47}},"1":{"start":{"line":3,"column":0},"end":{"line":3,"column":44}},"2":{"start":{"line":10,"column":2},"end":{"line":19,"column":4}},"3":{"start":{"line":13,"column":8},"end":{"line":14,"column":null}},"4":{"start":{"line":22,"column":0},"end":{"line":22,"column":25}}},"fnMap":{"0":{"name":"MovieList","decl":{"start":{"line":9,"column":9},"end":{"line":9,"column":18}},"loc":{"start":{"line":9,"column":36},"end":{"line":20,"column":1}}},"1":{"name":"(anonymous_2)","decl":{"start":{"line":12,"column":18},"end":{"line":12,"column":19}},"loc":{"start":{"line":13,"column":8},"end":{"line":14,"column":null}}}},"branchMap":{},"s":{"0":1,"1":1,"2":1,"3":2,"4":1},"f":{"0":1,"1":2},"b":{}}
,"C:\\Users\\user\\Desktop\\React\\react\\vite-project\\src\\components\\Pagination\\Pagination.tsx": {"path":"C:\\Users\\user\\Desktop\\React\\react\\vite-project\\src\\components\\Pagination\\Pagination.tsx","statementMap":{"0":{"start":{"line":1,"column":0},"end":{"line":1,"column":45}},"1":{"start":{"line":9,"column":2},"end":{"line":29,"column":4}},"2":{"start":{"line":14,"column":23},"end":{"line":14,"column":52}},"3":{"start":{"line":24,"column":23},"end":{"line":24,"column":52}},"4":{"start":{"line":32,"column":0},"end":{"line":32,"column":26}}},"fnMap":{"0":{"name":"Pagination","decl":{"start":{"line":8,"column":9},"end":{"line":8,"column":19}},"loc":{"start":{"line":8,"column":56},"end":{"line":30,"column":1}}},"1":{"name":"(anonymous_2)","decl":{"start":{"line":14,"column":17},"end":{"line":14,"column":20}},"loc":{"start":{"line":14,"column":23},"end":{"line":14,"column":52}}},"2":{"name":"(anonymous_3)","decl":{"start":{"line":24,"column":17},"end":{"line":24,"column":20}},"loc":{"start":{"line":24,"column":23},"end":{"line":24,"column":52}}}},"branchMap":{},"s":{"0":1,"1":4,"2":1,"3":1,"4":1},"f":{"0":4,"1":1,"2":1},"b":{}}
,"C:\\Users\\user\\Desktop\\React\\react\\vite-project\\src\\components\\SearchBar\\SearchBar.tsx": {"path":"C:\\Users\\user\\Desktop\\React\\react\\vite-project\\src\\components\\SearchBar\\SearchBar.tsx","statementMap":{"0":{"start":{"line":1,"column":0},"end":{"line":1,"column":44}},"1":{"start":{"line":9,"column":2},"end":{"line":17,"column":4}},"2":{"start":{"line":15,"column":23},"end":{"line":15,"column":47}},"3":{"start":{"line":20,"column":0},"end":{"line":20,"column":25}}},"fnMap":{"0":{"name":"SearchBar","decl":{"start":{"line":8,"column":9},"end":{"line":8,"column":18}},"loc":{"start":{"line":8,"column":45},"end":{"line":18,"column":1}}},"1":{"name":"(anonymous_2)","decl":{"start":{"line":15,"column":16},"end":{"line":15,"column":17}},"loc":{"start":{"line":15,"column":23},"end":{"line":15,"column":47}}}},"branchMap":{},"s":{"0":1,"1":8,"2":6,"3":1},"f":{"0":8,"1":6},"b":{}}
,"C:\\Users\\user\\Desktop\\React\\react\\vite-project\\src\\components\\ThrowErrorButton\\ThrowErrorButton.tsx": {"path":"C:\\Users\\user\\Desktop\\React\\react\\vite-project\\src\\components\\ThrowErrorButton\\ThrowErrorButton.tsx","statementMap":{"0":{"start":{"line":1,"column":0},"end":{"line":1,"column":33}},"1":{"start":{"line":5,"column":4},"end":{"line":5,"column":28}},"2":{"start":{"line":7,"column":2},"end":{"line":11,"column":3}},"3":{"start":{"line":8,"column":4},"end":{"line":10,"column":6}},"4":{"start":{"line":13,"column":2},"end":{"line":28,"column":4}},"5":{"start":{"line":16,"column":8},"end":{"line":16,"column":25}},"6":{"start":{"line":31,"column":0},"end":{"line":31,"column":32}}},"fnMap":{"0":{"name":"ThrowErrorButton","decl":{"start":{"line":3,"column":9},"end":{"line":3,"column":25}},"loc":{"start":{"line":3,"column":25},"end":{"line":29,"column":1}}},"1":{"name":"(anonymous_1)","decl":{"start":{"line":15,"column":15},"end":{"line":15,"column":18}},"loc":{"start":{"line":16,"column":8},"end":{"line":16,"column":25}}}},"branchMap":{"0":{"loc":{"start":{"line":7,"column":2},"end":{"line":11,"column":3}},"type":"if","locations":[{"start":{"line":7,"column":2},"end":{"line":11,"column":3}},{"start":{},"end":{}}]}},"s":{"0":2,"1":13,"2":12,"3":2,"4":10,"5":1,"6":2},"f":{"0":13,"1":1},"b":{"0":[2,10]}}
,"C:\\Users\\user\\Desktop\\React\\react\\vite-project\\src\\context\\ThemeContext.tsx": {"path":"C:\\Users\\user\\Desktop\\React\\react\\vite-project\\src\\context\\ThemeContext.tsx","statementMap":{"0":{"start":{"line":23,"column":0},"end":{"line":23,"column":16}},"1":{"start":{"line":58,"column":0},"end":{"line":58,"column":16}},"2":{"start":{"line":1,"column":0},"end":{"line":1,"column":null}},"3":{"start":{"line":19,"column":2},"end":{"line":21,"column":14}},"4":{"start":{"line":29,"column":4},"end":{"line":29,"column":27}},"5":{"start":{"line":32,"column":4},"end":{"line":36,"column":6}},"6":{"start":{"line":33,"column":6},"end":{"line":35,"column":16}},"7":{"start":{"line":39,"column":2},"end":{"line":44,"column":14}},"8":{"start":{"line":40,"column":4},"end":{"line":43,"column":6}},"9":{"start":{"line":46,"column":2},"end":{"line":55,"column":4}},"10":{"start":{"line":60,"column":4},"end":{"line":60,"column":28}},"11":{"start":{"line":62,"column":2},"end":{"line":66,"column":3}},"12":{"start":{"line":63,"column":4},"end":{"line":65,"column":6}},"13":{"start":{"line":68,"column":2},"end":{"line":68,"column":17}}},"fnMap":{"0":{"name":"ThemeProvider","decl":{"start":{"line":23,"column":16},"end":{"line":23,"column":29}},"loc":{"start":{"line":27,"column":1},"end":{"line":56,"column":1}}},"1":{"name":"toggleTheme","decl":{"start":{"line":31,"column":11},"end":{"line":31,"column":22}},"loc":{"start":{"line":31,"column":22},"end":{"line":37,"column":3}}},"2":{"name":"(anonymous_2)","decl":{"start":{"line":32,"column":13},"end":{"line":32,"column":14}},"loc":{"start":{"line":33,"column":6},"end":{"line":35,"column":16}}},"3":{"name":"(anonymous_3)","decl":{"start":{"line":39,"column":12},"end":{"line":39,"column":15}},"loc":{"start":{"line":39,"column":17},"end":{"line":44,"column":3}}},"4":{"name":"useTheme","decl":{"start":{"line":58,"column":16},"end":{"line":58,"column":24}},"loc":{"start":{"line":58,"column":24},"end":{"line":69,"column":1}}}},"branchMap":{"0":{"loc":{"start":{"line":33,"column":6},"end":{"line":35,"column":16}},"type":"cond-expr","locations":[{"start":{"line":34,"column":10},"end":{"line":34,"column":17}},{"start":{"line":35,"column":10},"end":{"line":35,"column":16}}]},"1":{"loc":{"start":{"line":62,"column":2},"end":{"line":66,"column":3}},"type":"if","locations":[{"start":{"line":62,"column":2},"end":{"line":66,"column":3}},{"start":{},"end":{}}]}},"s":{"0":1,"1":1,"2":1,"3":1,"4":3,"5":1,"6":1,"7":3,"8":3,"9":3,"10":3,"11":3,"12":0,"13":3},"f":{"0":3,"1":1,"2":1,"3":3,"4":3},"b":{"0":[1,0],"1":[0,3]}}
,"C:\\Users\\user\\Desktop\\React\\react\\vite-project\\src\\hooks\\useMovieDetails.ts": {"path":"C:\\Users\\user\\Desktop\\React\\react\\vite-project\\src\\hooks\\useMovieDetails.ts","statementMap":{"0":{"start":{"line":1,"column":0},"end":{"line":1,"column":null}},"1":{"start":{"line":5,"column":0},"end":{"line":5,"column":null}},"2":{"start":{"line":12,"column":16},"end":{"line":24,"column":4}},"3":{"start":{"line":19,"column":6},"end":{"line":20,"column":null}},"4":{"start":{"line":26,"column":2},"end":{"line":41,"column":4}},"5":{"start":{"line":44,"column":0},"end":{"line":44,"column":31}}},"fnMap":{"0":{"name":"useMovieDetails","decl":{"start":{"line":9,"column":9},"end":{"line":9,"column":24}},"loc":{"start":{"line":10,"column":24},"end":{"line":42,"column":1}}},"1":{"name":"(anonymous_1)","decl":{"start":{"line":18,"column":13},"end":{"line":18,"column":16}},"loc":{"start":{"line":19,"column":6},"end":{"line":20,"column":null}}}},"branchMap":{"0":{"loc":{"start":{"line":28,"column":6},"end":{"line":28,"column":24}},"type":"binary-expr","locations":[{"start":{"line":28,"column":6},"end":{"line":28,"column":16}},{"start":{"line":28,"column":20},"end":{"line":28,"column":24}}]}},"s":{"0":1,"1":1,"2":4,"3":2,"4":4,"5":1},"f":{"0":4,"1":2},"b":{"0":[4,3]}}
,"C:\\Users\\user\\Desktop\\React\\react\\vite-project\\src\\hooks\\useMovies.ts": {"path":"C:\\Users\\user\\Desktop\\React\\react\\vite-project\\src\\hooks\\useMovies.ts","statementMap":{"0":{"start":{"line":1,"column":0},"end":{"line":1,"column":null}},"1":{"start":{"line":5,"column":0},"end":{"line":5,"column":null}},"2":{"start":{"line":13,"column":16},"end":{"line":30,"column":4}},"3":{"start":{"line":21,"column":6},"end":{"line":23,"column":null}},"4":{"start":{"line":32,"column":2},"end":{"line":48,"column":4}},"5":{"start":{"line":51,"column":0},"end":{"line":51,"column":25}}},"fnMap":{"0":{"name":"useMovies","decl":{"start":{"line":9,"column":9},"end":{"line":9,"column":18}},"loc":{"start":{"line":11,"column":16},"end":{"line":49,"column":1}}},"1":{"name":"(anonymous_1)","decl":{"start":{"line":20,"column":13},"end":{"line":20,"column":16}},"loc":{"start":{"line":21,"column":6},"end":{"line":23,"column":null}}}},"branchMap":{"0":{"loc":{"start":{"line":34,"column":6},"end":{"line":35,"column":8}},"type":"binary-expr","locations":[{"start":{"line":34,"column":6},"end":{"line":34,"column":25}},{"start":{"line":35,"column":6},"end":{"line":35,"column":8}}]}},"s":{"0":1,"1":1,"2":4,"3":2,"4":4,"5":1},"f":{"0":4,"1":2},"b":{"0":[4,3]}}
,"C:\\Users\\user\\Desktop\\React\\react\\vite-project\\src\\pages\\Details\\Details.tsx": {"path":"C:\\Users\\user\\Desktop\\React\\react\\vite-project\\src\\pages\\Details\\Details.tsx","statementMap":{"0":{"start":{"line":1,"column":0},"end":{"line":1,"column":null}},"1":{"start":{"line":5,"column":0},"end":{"line":5,"column":58}},"2":{"start":{"line":7,"column":0},"end":{"line":7,"column":52}},"3":{"start":{"line":9,"column":0},"end":{"line":9,"column":42}},"4":{"start":{"line":13,"column":4},"end":{"line":13,"column":15}},"5":{"start":{"line":21,"column":6},"end":{"line":22,"column":null}},"6":{"start":{"line":25,"column":2},"end":{"line":25,"column":23}},"7":{"start":{"line":25,"column":11},"end":{"line":25,"column":23}},"8":{"start":{"line":27,"column":2},"end":{"line":110,"column":4}},"9":{"start":{"line":43,"column":14},"end":{"line":43,"column":23}},"10":{"start":{"line":113,"column":0},"end":{"line":113,"column":23}}},"fnMap":{"0":{"name":"Details","decl":{"start":{"line":11,"column":9},"end":{"line":11,"column":16}},"loc":{"start":{"line":11,"column":16},"end":{"line":111,"column":1}}},"1":{"name":"(anonymous_2)","decl":{"start":{"line":42,"column":21},"end":{"line":42,"column":24}},"loc":{"start":{"line":43,"column":14},"end":{"line":43,"column":23}}}},"branchMap":{"0":{"loc":{"start":{"line":22,"column":4},"end":{"line":22,"column":19}},"type":"binary-expr","locations":[{"start":{"line":22,"column":4},"end":{"line":22,"column":6}},{"start":{"line":22,"column":10},"end":{"line":22,"column":19}}]},"1":{"loc":{"start":{"line":25,"column":2},"end":{"line":25,"column":23}},"type":"if","locations":[{"start":{"line":25,"column":2},"end":{"line":25,"column":23}},{"start":{},"end":{}}]},"2":{"loc":{"start":{"line":29,"column":7},"end":{"line":31,"column":null}},"type":"binary-expr","locations":[{"start":{"line":29,"column":8},"end":{"line":29,"column":15}},{"start":{"line":30,"column":8},"end":{"line":30,"column":18}},{"start":{"line":31,"column":8},"end":{"line":31,"column":18}}]},"3":{"loc":{"start":{"line":34,"column":7},"end":{"line":48,"column":null}},"type":"binary-expr","locations":[{"start":{"line":34,"column":7},"end":{"line":34,"column":12}},{"start":{"line":35,"column":8},"end":{"line":47,"column":null}}]},"4":{"loc":{"start":{"line":51,"column":7},"end":{"line":95,"column":null}},"type":"binary-expr","locations":[{"start":{"line":51,"column":7},"end":{"line":51,"column":15}},{"start":{"line":52,"column":8},"end":{"line":52,"column":14}},{"start":{"line":53,"column":8},"end":{"line":53,"column":13}},{"start":{"line":54,"column":10},"end":{"line":94,"column":null}}]},"5":{"loc":{"start":{"line":60,"column":16},"end":{"line":62,"column":71}},"type":"cond-expr","locations":[{"start":{"line":61,"column":20},"end":{"line":61,"column":79}},{"start":{"line":62,"column":20},"end":{"line":62,"column":71}}]},"6":{"loc":{"start":{"line":82,"column":15},"end":{"line":83,"column":43}},"type":"binary-expr","locations":[{"start":{"line":82,"column":15},"end":{"line":82,"column":29}},{"start":{"line":83,"column":16},"end":{"line":83,"column":43}}]},"7":{"loc":{"start":{"line":92,"column":15},"end":{"line":93,"column":21}},"type":"binary-expr","locations":[{"start":{"line":92,"column":15},"end":{"line":92,"column":33}},{"start":{"line":93,"column":16},"end":{"line":93,"column":21}}]},"8":{"loc":{"start":{"line":98,"column":7},"end":{"line":107,"column":null}},"type":"binary-expr","locations":[{"start":{"line":98,"column":7},"end":{"line":98,"column":15}},{"start":{"line":99,"column":8},"end":{"line":99,"column":14}},{"start":{"line":100,"column":8},"end":{"line":100,"column":14}},{"start":{"line":101,"column":10},"end":{"line":103,"column":null}}]}},"s":{"0":1,"1":1,"2":1,"3":1,"4":1,"5":1,"6":1,"7":0,"8":1,"9":0,"10":1},"f":{"0":1,"1":0},"b":{"0":[1,0],"1":[0,1],"2":[1,1,0],"3":[1,0],"4":[1,1,1,1],"5":[1,0],"6":[1,0],"7":[1,0],"8":[1,1,1,0]}}
,"C:\\Users\\user\\Desktop\\React\\react\\vite-project\\src\\pages\\Home\\Home.tsx": {"path":"C:\\Users\\user\\Desktop\\React\\react\\vite-project\\src\\pages\\Home\\Home.tsx","statementMap":{"0":{"start":{"line":1,"column":0},"end":{"line":1,"column":null}},"1":{"start":{"line":8,"column":0},"end":{"line":8,"column":46}},"2":{"start":{"line":10,"column":0},"end":{"line":10,"column":58}},"3":{"start":{"line":12,"column":0},"end":{"line":12,"column":61}},"4":{"start":{"line":14,"column":0},"end":{"line":14,"column":64}},"5":{"start":{"line":16,"column":0},"end":{"line":16,"column":61}},"6":{"start":{"line":18,"column":0},"end":{"line":18,"column":52}},"7":{"start":{"line":20,"column":0},"end":{"line":20,"column":82}},"8":{"start":{"line":22,"column":0},"end":{"line":22,"column":52}},"9":{"start":{"line":24,"column":0},"end":{"line":24,"column":39}},"10":{"start":{"line":28,"column":4},"end":{"line":28,"column":21}},"11":{"start":{"line":31,"column":4},"end":{"line":31,"column":17}},"12":{"start":{"line":34,"column":4},"end":{"line":34,"column":17}},"13":{"start":{"line":39,"column":6},"end":{"line":41,"column":null}},"14":{"start":{"line":44,"column":15},"end":{"line":45,"column":null}},"15":{"start":{"line":49,"column":4},"end":{"line":49,"column":36}},"16":{"start":{"line":57,"column":6},"end":{"line":59,"column":null}},"17":{"start":{"line":63,"column":4},"end":{"line":63,"column":20}},"18":{"start":{"line":69,"column":4},"end":{"line":72,"column":7}},"19":{"start":{"line":74,"column":4},"end":{"line":86,"column":5}},"20":{"start":{"line":75,"column":22},"end":{"line":81,"column":19}},"21":{"start":{"line":79,"column":12},"end":{"line":79,"column":26}},"22":{"start":{"line":83,"column":6},"end":{"line":85,"column":8}},"23":{"start":{"line":95,"column":8},"end":{"line":97,"column":6}},"24":{"start":{"line":99,"column":4},"end":{"line":102,"column":5}},"25":{"start":{"line":100,"column":6},"end":{"line":101,"column":15}},"26":{"start":{"line":104,"column":4},"end":{"line":106,"column":6}},"27":{"start":{"line":110,"column":4},"end":{"line":112,"column":6}},"28":{"start":{"line":116,"column":4},"end":{"line":117,"column":null}},"29":{"start":{"line":120,"column":2},"end":{"line":275,"column":4}},"30":{"start":{"line":183,"column":18},"end":{"line":184,"column":null}},"31":{"start":{"line":189,"column":22},"end":{"line":194,"column":null}},"32":{"start":{"line":278,"column":0},"end":{"line":278,"column":20}}},"fnMap":{"0":{"name":"Home","decl":{"start":{"line":26,"column":9},"end":{"line":26,"column":13}},"loc":{"start":{"line":26,"column":13},"end":{"line":276,"column":1}}},"1":{"name":"handleRefresh","decl":{"start":{"line":62,"column":17},"end":{"line":62,"column":30}},"loc":{"start":{"line":62,"column":30},"end":{"line":64,"column":3}}},"2":{"name":"handleSearch","decl":{"start":{"line":66,"column":11},"end":{"line":66,"column":23}},"loc":{"start":{"line":67,"column":17},"end":{"line":87,"column":3}}},"3":{"name":"(anonymous_4)","decl":{"start":{"line":78,"column":10},"end":{"line":78,"column":11}},"loc":{"start":{"line":79,"column":12},"end":{"line":79,"column":26}}},"4":{"name":"handlePageChange","decl":{"start":{"line":89,"column":11},"end":{"line":89,"column":27}},"loc":{"start":{"line":90,"column":19},"end":{"line":107,"column":3}}},"5":{"name":"closeDetails","decl":{"start":{"line":109,"column":11},"end":{"line":109,"column":23}},"loc":{"start":{"line":109,"column":23},"end":{"line":113,"column":3}}},"6":{"name":"(anonymous_7)","decl":{"start":{"line":182,"column":16},"end":{"line":182,"column":17}},"loc":{"start":{"line":183,"column":18},"end":{"line":184,"column":null}}},"7":{"name":"(anonymous_8)","decl":{"start":{"line":188,"column":29},"end":{"line":188,"column":32}},"loc":{"start":{"line":189,"column":22},"end":{"line":194,"column":null}}}},"branchMap":{"0":{"loc":{"start":{"line":45,"column":4},"end":{"line":45,"column":33}},"type":"binary-expr","locations":[{"start":{"line":45,"column":4},"end":{"line":45,"column":28}},{"start":{"line":45,"column":32},"end":{"line":45,"column":33}}]},"1":{"loc":{"start":{"line":49,"column":4},"end":{"line":49,"column":36}},"type":"binary-expr","locations":[{"start":{"line":49,"column":4},"end":{"line":49,"column":30}},{"start":{"line":49,"column":34},"end":{"line":49,"column":36}}]},"2":{"loc":{"start":{"line":74,"column":4},"end":{"line":86,"column":5}},"type":"if","locations":[{"start":{"line":74,"column":4},"end":{"line":86,"column":5}},{"start":{},"end":{}}]},"3":{"loc":{"start":{"line":99,"column":4},"end":{"line":102,"column":5}},"type":"if","locations":[{"start":{"line":99,"column":4},"end":{"line":102,"column":5}},{"start":{},"end":{}}]},"4":{"loc":{"start":{"line":154,"column":11},"end":{"line":161,"column":null}},"type":"binary-expr","locations":[{"start":{"line":154,"column":11},"end":{"line":154,"column":21}},{"start":{"line":155,"column":12},"end":{"line":157,"column":null}}]},"5":{"loc":{"start":{"line":169,"column":9},"end":{"line":203,"column":null}},"type":"binary-expr","locations":[{"start":{"line":169,"column":9},"end":{"line":170,"column":11}},{"start":{"line":171,"column":10},"end":{"line":202,"column":null}}]},"6":{"loc":{"start":{"line":206,"column":9},"end":{"line":214,"column":null}},"type":"binary-expr","locations":[{"start":{"line":206,"column":9},"end":{"line":206,"column":14}},{"start":{"line":207,"column":10},"end":{"line":209,"column":null}}]},"7":{"loc":{"start":{"line":217,"column":9},"end":{"line":246,"column":null}},"type":"cond-expr","locations":[{"start":{"line":218,"column":10},"end":{"line":218,"column":20}},{"start":{"line":219,"column":12},"end":{"line":246,"column":null}}]},"8":{"loc":{"start":{"line":219,"column":12},"end":{"line":246,"column":null}},"type":"cond-expr","locations":[{"start":{"line":221,"column":10},"end":{"line":228,"column":null}},{"start":{"line":231,"column":10},"end":{"line":245,"column":null}}]},"9":{"loc":{"start":{"line":252,"column":10},"end":{"line":254,"column":null}},"type":"cond-expr","locations":[{"start":{"line":253,"column":14},"end":{"line":253,"column":27}},{"start":{"line":254,"column":14},"end":{"line":254,"column":null}}]},"10":{"loc":{"start":{"line":257,"column":9},"end":{"line":271,"column":null}},"type":"binary-expr","locations":[{"start":{"line":257,"column":9},"end":{"line":257,"column":22}},{"start":{"line":258,"column":10},"end":{"line":270,"column":null}}]}},"s":{"0":1,"1":1,"2":1,"3":1,"4":1,"5":1,"6":1,"7":1,"8":1,"9":1,"10":8,"11":8,"12":8,"13":8,"14":8,"15":8,"16":8,"17":0,"18":6,"19":6,"20":6,"21":0,"22":6,"23":0,"24":0,"25":0,"26":0,"27":0,"28":8,"29":8,"30":0,"31":0,"32":1},"f":{"0":8,"1":0,"2":6,"3":0,"4":0,"5":0,"6":0,"7":0},"b":{"0":[8,2],"1":[8,2],"2":[6,0],"3":[0,0],"4":[8,0],"5":[8,0],"6":[8,0],"7":[0,8],"8":[0,8],"9":[8,0],"10":[8,0]}}
,"C:\\Users\\user\\Desktop\\React\\react\\vite-project\\src\\pages\\NotFound\\NotFound.tsx": {"path":"C:\\Users\\user\\Desktop\\React\\react\\vite-project\\src\\pages\\NotFound\\NotFound.tsx","statementMap":{"0":{"start":{"line":1,"column":0},"end":{"line":1,"column":40}},"1":{"start":{"line":4,"column":2},"end":{"line":10,"column":4}},"2":{"start":{"line":13,"column":0},"end":{"line":13,"column":24}}},"fnMap":{"0":{"name":"NotFound","decl":{"start":{"line":3,"column":9},"end":{"line":3,"column":17}},"loc":{"start":{"line":3,"column":17},"end":{"line":11,"column":1}}}},"branchMap":{},"s":{"0":1,"1":1,"2":1},"f":{"0":1},"b":{}}
,"C:\\Users\\user\\Desktop\\React\\react\\vite-project\\src\\store\\useSelectedMovies.ts": {"path":"C:\\Users\\user\\Desktop\\React\\react\\vite-project\\src\\store\\useSelectedMovies.ts","statementMap":{"0":{"start":{"line":1,"column":0},"end":{"line":1,"column":33}},"1":{"start":{"line":21,"column":13},"end":{"line":55,"column":6}},"2":{"start":{"line":22,"column":31},"end":{"line":55,"column":4}},"3":{"start":{"line":26,"column":21},"end":{"line":27,"column":null}},"4":{"start":{"line":27,"column":15},"end":{"line":27,"column":32}},"5":{"start":{"line":30,"column":6},"end":{"line":45,"column":7}},"6":{"start":{"line":31,"column":8},"end":{"line":37,"column":11}},"7":{"start":{"line":35,"column":16},"end":{"line":35,"column":33}},"8":{"start":{"line":39,"column":8},"end":{"line":44,"column":11}},"9":{"start":{"line":49,"column":6},"end":{"line":49,"column":27}},"10":{"start":{"line":52,"column":6},"end":{"line":53,"column":null}},"11":{"start":{"line":53,"column":15},"end":{"line":53,"column":26}}},"fnMap":{"0":{"name":"(anonymous_0)","decl":{"start":{"line":22,"column":16},"end":{"line":22,"column":17}},"loc":{"start":{"line":22,"column":31},"end":{"line":55,"column":4}}},"1":{"name":"(anonymous_1)","decl":{"start":{"line":25,"column":17},"end":{"line":25,"column":18}},"loc":{"start":{"line":25,"column":27},"end":{"line":46,"column":5}}},"2":{"name":"(anonymous_2)","decl":{"start":{"line":27,"column":8},"end":{"line":27,"column":9}},"loc":{"start":{"line":27,"column":15},"end":{"line":27,"column":32}}},"3":{"name":"(anonymous_3)","decl":{"start":{"line":34,"column":14},"end":{"line":34,"column":15}},"loc":{"start":{"line":35,"column":16},"end":{"line":35,"column":33}}},"4":{"name":"(anonymous_4)","decl":{"start":{"line":48,"column":19},"end":{"line":48,"column":22}},"loc":{"start":{"line":49,"column":6},"end":{"line":49,"column":27}}},"5":{"name":"(anonymous_5)","decl":{"start":{"line":51,"column":16},"end":{"line":51,"column":17}},"loc":{"start":{"line":52,"column":6},"end":{"line":53,"column":null}}},"6":{"name":"(anonymous_6)","decl":{"start":{"line":53,"column":8},"end":{"line":53,"column":9}},"loc":{"start":{"line":53,"column":15},"end":{"line":53,"column":26}}}},"branchMap":{"0":{"loc":{"start":{"line":30,"column":6},"end":{"line":45,"column":7}},"type":"if","locations":[{"start":{"line":30,"column":6},"end":{"line":45,"column":7}},{"start":{"line":38,"column":13},"end":{"line":45,"column":7}}]}},"s":{"0":3,"1":3,"2":3,"3":5,"4":1,"5":5,"6":1,"7":1,"8":4,"9":5,"10":4,"11":1},"f":{"0":3,"1":5,"2":1,"3":1,"4":5,"5":4,"6":1},"b":{"0":[1,4]}}
,"C:\\Users\\user\\Desktop\\React\\react\\vite-project\\src\\tests\\queryWrapper.tsx": {"path":"C:\\Users\\user\\Desktop\\React\\react\\vite-project\\src\\tests\\queryWrapper.tsx","statementMap":{"0":{"start":{"line":10,"column":0},"end":{"line":10,"column":16}},"1":{"start":{"line":1,"column":0},"end":{"line":1,"column":null}},"2":{"start":{"line":12,"column":4},"end":{"line":18,"column":6}},"3":{"start":{"line":20,"column":2},"end":{"line":30,"column":4}},"4":{"start":{"line":23,"column":4},"end":{"line":29,"column":6}}},"fnMap":{"0":{"name":"createWrapper","decl":{"start":{"line":10,"column":16},"end":{"line":10,"column":29}},"loc":{"start":{"line":10,"column":29},"end":{"line":31,"column":1}}},"1":{"name":"Wrapper","decl":{"start":{"line":20,"column":18},"end":{"line":20,"column":25}},"loc":{"start":{"line":22,"column":10},"end":{"line":30,"column":3}}}},"branchMap":{},"s":{"0":2,"1":2,"2":4,"3":4,"4":4},"f":{"0":4,"1":4},"b":{}}
}
