{"C:\\Users\\user\\Desktop\\React\\react\\vite-project\\src\\components\\Flyout\\Flyout.tsx": {"path":"C:\\Users\\user\\Desktop\\React\\react\\vite-project\\src\\components\\Flyout\\Flyout.tsx","statementMap":{"0":{"start":{"line":1,"column":0},"end":{"line":1,"column":null}},"1":{"start":{"line":5,"column":0},"end":{"line":5,"column":null}},"2":{"start":{"line":9,"column":0},"end":{"line":9,"column":41}},"3":{"start":{"line":13,"column":4},"end":{"line":13,"column":19}},"4":{"start":{"line":18,"column":6},"end":{"line":18,"column":25}},"5":{"start":{"line":20,"column":2},"end":{"line":24,"column":3}},"6":{"start":{"line":23,"column":4},"end":{"line":23,"column":16}},"7":{"start":{"line":28,"column":6},"end":{"line":28,"column":24}},"8":{"start":{"line":31,"column":6},"end":{"line":36,"column":19}},"9":{"start":{"line":34,"column":12},"end":{"line":34,"column":50}},"10":{"start":{"line":39,"column":6},"end":{"line":39,"column":20}},"11":{"start":{"line":42,"column":6},"end":{"line":44,"column":8}},"12":{"start":{"line":47,"column":6},"end":{"line":48,"column":null}},"13":{"start":{"line":52,"column":6},"end":{"line":53,"column":null}},"14":{"start":{"line":56,"column":4},"end":{"line":56,"column":17}},"15":{"start":{"line":58,"column":4},"end":{"line":58,"column":48}},"16":{"start":{"line":60,"column":4},"end":{"line":60,"column":14}},"17":{"start":{"line":62,"column":4},"end":{"line":64,"column":6}},"18":{"start":{"line":66,"column":4},"end":{"line":66,"column":19}},"19":{"start":{"line":70,"column":4},"end":{"line":70,"column":20}},"20":{"start":{"line":72,"column":4},"end":{"line":72,"column":19}},"21":{"start":{"line":75,"column":2},"end":{"line":138,"column":4}},"22":{"start":{"line":86,"column":10},"end":{"line":87,"column":null}},"23":{"start":{"line":141,"column":0},"end":{"line":141,"column":22}}},"fnMap":{"0":{"name":"Flyout","decl":{"start":{"line":11,"column":9},"end":{"line":11,"column":15}},"loc":{"start":{"line":11,"column":15},"end":{"line":139,"column":1}}},"1":{"name":"handleDownload","decl":{"start":{"line":26,"column":11},"end":{"line":26,"column":25}},"loc":{"start":{"line":26,"column":25},"end":{"line":67,"column":3}}},"2":{"name":"(anonymous_3)","decl":{"start":{"line":33,"column":10},"end":{"line":33,"column":11}},"loc":{"start":{"line":34,"column":12},"end":{"line":34,"column":50}}},"3":{"name":"handleClear","decl":{"start":{"line":69,"column":11},"end":{"line":69,"column":22}},"loc":{"start":{"line":69,"column":22},"end":{"line":73,"column":3}}},"4":{"name":"(anonymous_5)","decl":{"start":{"line":85,"column":17},"end":{"line":85,"column":20}},"loc":{"start":{"line":86,"column":10},"end":{"line":87,"column":null}}}},"branchMap":{"0":{"loc":{"start":{"line":20,"column":2},"end":{"line":24,"column":3}},"type":"if","locations":[{"start":{"line":20,"column":2},"end":{"line":24,"column":3}},{"start":{},"end":{}}]},"1":{"loc":{"start":{"line":94,"column":7},"end":{"line":135,"column":null}},"type":"binary-expr","locations":[{"start":{"line":94,"column":7},"end":{"line":94,"column":11}},{"start":{"line":95,"column":8},"end":{"line":134,"column":null}}]}},"s":{"0":3,"1":3,"2":3,"3":14,"4":14,"5":14,"6":9,"7":1,"8":1,"9":1,"10":1,"11":1,"12":1,"13":1,"14":1,"15":1,"16":1,"17":1,"18":1,"19":0,"20":0,"21":5,"22":2,"23":3},"f":{"0":14,"1":1,"2":1,"3":0,"4":2},"b":{"0":[9,5],"1":[5,2]}}
,"C:\\Users\\user\\Desktop\\React\\react\\vite-project\\src\\components\\Form\\Form.tsx": {"path":"C:\\Users\\user\\Desktop\\React\\react\\vite-project\\src\\components\\Form\\Form.tsx","statementMap":{"0":{"start":{"line":1,"column":0},"end":{"line":1,"column":41}},"1":{"start":{"line":2,"column":0},"end":{"line":2,"column":58}},"2":{"start":{"line":9,"column":24},"end":{"line":9,"column":69}},"3":{"start":{"line":9,"column":49},"end":{"line":9,"column":68}},"4":{"start":{"line":11,"column":18},"end":{"line":11,"column":48}},"5":{"start":{"line":12,"column":17},"end":{"line":12,"column":47}},"6":{"start":{"line":13,"column":19},"end":{"line":13,"column":49}},"7":{"start":{"line":14,"column":20},"end":{"line":14,"column":51}},"8":{"start":{"line":15,"column":21},"end":{"line":15,"column":51}},"9":{"start":{"line":16,"column":19},"end":{"line":16,"column":49}},"10":{"start":{"line":18,"column":28},"end":{"line":18,"column":48}},"11":{"start":{"line":21,"column":4},"end":{"line":21,"column":23}},"12":{"start":{"line":23,"column":17},"end":{"line":23,"column":52}},"13":{"start":{"line":24,"column":16},"end":{"line":24,"column":45}},"14":{"start":{"line":25,"column":18},"end":{"line":25,"column":54}},"15":{"start":{"line":26,"column":19},"end":{"line":26,"column":49}},"16":{"start":{"line":27,"column":20},"end":{"line":27,"column":58}},"17":{"start":{"line":28,"column":18},"end":{"line":28,"column":48}},"18":{"start":{"line":31,"column":4},"end":{"line":34,"column":5}},"19":{"start":{"line":32,"column":6},"end":{"line":32,"column":55}},"20":{"start":{"line":33,"column":6},"end":{"line":33,"column":13}},"21":{"start":{"line":36,"column":4},"end":{"line":39,"column":5}},"22":{"start":{"line":37,"column":6},"end":{"line":37,"column":48}},"23":{"start":{"line":38,"column":6},"end":{"line":38,"column":13}},"24":{"start":{"line":41,"column":23},"end":{"line":41,"column":51}},"25":{"start":{"line":42,"column":4},"end":{"line":45,"column":5}},"26":{"start":{"line":43,"column":6},"end":{"line":43,"column":39}},"27":{"start":{"line":44,"column":6},"end":{"line":44,"column":13}},"28":{"start":{"line":47,"column":26},"end":{"line":56,"column":6}},"29":{"start":{"line":58,"column":4},"end":{"line":58,"column":33}},"30":{"start":{"line":61,"column":4},"end":{"line":61,"column":52}},"31":{"start":{"line":61,"column":25},"end":{"line":61,"column":52}},"32":{"start":{"line":62,"column":4},"end":{"line":62,"column":50}},"33":{"start":{"line":62,"column":24},"end":{"line":62,"column":50}},"34":{"start":{"line":63,"column":4},"end":{"line":63,"column":54}},"35":{"start":{"line":63,"column":26},"end":{"line":63,"column":54}},"36":{"start":{"line":64,"column":4},"end":{"line":64,"column":56}},"37":{"start":{"line":64,"column":27},"end":{"line":64,"column":56}},"38":{"start":{"line":65,"column":4},"end":{"line":65,"column":58}},"39":{"start":{"line":65,"column":28},"end":{"line":65,"column":58}},"40":{"start":{"line":66,"column":4},"end":{"line":66,"column":54}},"41":{"start":{"line":66,"column":26},"end":{"line":66,"column":54}},"42":{"start":{"line":68,"column":4},"end":{"line":68,"column":17}},"43":{"start":{"line":69,"column":4},"end":{"line":69,"column":14}},"44":{"start":{"line":72,"column":2},"end":{"line":93,"column":4}},"45":{"start":{"line":96,"column":0},"end":{"line":96,"column":20}}},"fnMap":{"0":{"name":"Form","decl":{"start":{"line":8,"column":9},"end":{"line":8,"column":13}},"loc":{"start":{"line":8,"column":32},"end":{"line":94,"column":1}}},"1":{"name":"(anonymous_1)","decl":{"start":{"line":9,"column":38},"end":{"line":9,"column":39}},"loc":{"start":{"line":9,"column":49},"end":{"line":9,"column":68}}},"2":{"name":"handleSubmit","decl":{"start":{"line":20,"column":11},"end":{"line":20,"column":23}},"loc":{"start":{"line":20,"column":42},"end":{"line":70,"column":3}}}},"branchMap":{"0":{"loc":{"start":{"line":23,"column":17},"end":{"line":23,"column":52}},"type":"binary-expr","locations":[{"start":{"line":23,"column":17},"end":{"line":23,"column":46}},{"start":{"line":23,"column":50},"end":{"line":23,"column":52}}]},"1":{"loc":{"start":{"line":25,"column":18},"end":{"line":25,"column":54}},"type":"binary-expr","locations":[{"start":{"line":25,"column":18},"end":{"line":25,"column":48}},{"start":{"line":25,"column":52},"end":{"line":25,"column":54}}]},"2":{"loc":{"start":{"line":26,"column":19},"end":{"line":26,"column":49}},"type":"binary-expr","locations":[{"start":{"line":26,"column":19},"end":{"line":26,"column":43}},{"start":{"line":26,"column":47},"end":{"line":26,"column":49}}]},"3":{"loc":{"start":{"line":27,"column":20},"end":{"line":27,"column":58}},"type":"binary-expr","locations":[{"start":{"line":27,"column":20},"end":{"line":27,"column":52}},{"start":{"line":27,"column":56},"end":{"line":27,"column":58}}]},"4":{"loc":{"start":{"line":31,"column":4},"end":{"line":34,"column":5}},"type":"if","locations":[{"start":{"line":31,"column":4},"end":{"line":34,"column":5}},{"start":{},"end":{}}]},"5":{"loc":{"start":{"line":31,"column":8},"end":{"line":31,"column":46}},"type":"binary-expr","locations":[{"start":{"line":31,"column":8},"end":{"line":31,"column":13}},{"start":{"line":31,"column":17},"end":{"line":31,"column":23}},{"start":{"line":31,"column":27},"end":{"line":31,"column":34}},{"start":{"line":31,"column":38},"end":{"line":31,"column":46}}]},"6":{"loc":{"start":{"line":36,"column":4},"end":{"line":39,"column":5}},"type":"if","locations":[{"start":{"line":36,"column":4},"end":{"line":39,"column":5}},{"start":{},"end":{}}]},"7":{"loc":{"start":{"line":36,"column":8},"end":{"line":36,"column":42}},"type":"binary-expr","locations":[{"start":{"line":36,"column":8},"end":{"line":36,"column":15}},{"start":{"line":36,"column":19},"end":{"line":36,"column":28}},{"start":{"line":36,"column":32},"end":{"line":36,"column":42}}]},"8":{"loc":{"start":{"line":42,"column":4},"end":{"line":45,"column":5}},"type":"if","locations":[{"start":{"line":42,"column":4},"end":{"line":45,"column":5}},{"start":{},"end":{}}]},"9":{"loc":{"start":{"line":54,"column":13},"end":{"line":54,"column":55}},"type":"binary-expr","locations":[{"start":{"line":54,"column":13},"end":{"line":54,"column":18}},{"start":{"line":54,"column":22},"end":{"line":54,"column":55}}]},"10":{"loc":{"start":{"line":61,"column":4},"end":{"line":61,"column":52}},"type":"if","locations":[{"start":{"line":61,"column":4},"end":{"line":61,"column":52}},{"start":{},"end":{}}]},"11":{"loc":{"start":{"line":62,"column":4},"end":{"line":62,"column":50}},"type":"if","locations":[{"start":{"line":62,"column":4},"end":{"line":62,"column":50}},{"start":{},"end":{}}]},"12":{"loc":{"start":{"line":63,"column":4},"end":{"line":63,"column":54}},"type":"if","locations":[{"start":{"line":63,"column":4},"end":{"line":63,"column":54}},{"start":{},"end":{}}]},"13":{"loc":{"start":{"line":64,"column":4},"end":{"line":64,"column":56}},"type":"if","locations":[{"start":{"line":64,"column":4},"end":{"line":64,"column":56}},{"start":{},"end":{}}]},"14":{"loc":{"start":{"line":65,"column":4},"end":{"line":65,"column":58}},"type":"if","locations":[{"start":{"line":65,"column":4},"end":{"line":65,"column":58}},{"start":{},"end":{}}]},"15":{"loc":{"start":{"line":66,"column":4},"end":{"line":66,"column":54}},"type":"if","locations":[{"start":{"line":66,"column":4},"end":{"line":66,"column":54}},{"start":{},"end":{}}]},"16":{"loc":{"start":{"line":76,"column":7},"end":{"line":76,"column":55}},"type":"binary-expr","locations":[{"start":{"line":76,"column":7},"end":{"line":76,"column":12}},{"start":{"line":76,"column":16},"end":{"line":76,"column":55}}]}},"s":{"0":2,"1":2,"2":0,"3":0,"4":0,"5":0,"6":0,"7":0,"8":0,"9":0,"10":0,"11":0,"12":0,"13":0,"14":0,"15":0,"16":0,"17":0,"18":0,"19":0,"20":0,"21":0,"22":0,"23":0,"24":0,"25":0,"26":0,"27":0,"28":0,"29":0,"30":0,"31":0,"32":0,"33":0,"34":0,"35":0,"36":0,"37":0,"38":0,"39":0,"40":0,"41":0,"42":0,"43":0,"44":0,"45":2},"f":{"0":0,"1":0,"2":0},"b":{"0":[0,0],"1":[0,0],"2":[0,0],"3":[0,0],"4":[0,0],"5":[0,0,0,0],"6":[0,0],"7":[0,0,0],"8":[0,0],"9":[0,0],"10":[0,0],"11":[0,0],"12":[0,0],"13":[0,0],"14":[0,0],"15":[0,0],"16":[0,0]}}
,"C:\\Users\\user\\Desktop\\React\\react\\vite-project\\src\\components\\Loader\\Loader.tsx": {"path":"C:\\Users\\user\\Desktop\\React\\react\\vite-project\\src\\components\\Loader\\Loader.tsx","statementMap":{"0":{"start":{"line":1,"column":0},"end":{"line":1,"column":41}},"1":{"start":{"line":4,"column":2},"end":{"line":14,"column":4}},"2":{"start":{"line":17,"column":0},"end":{"line":17,"column":22}}},"fnMap":{"0":{"name":"Loader","decl":{"start":{"line":3,"column":9},"end":{"line":3,"column":15}},"loc":{"start":{"line":3,"column":15},"end":{"line":15,"column":1}}}},"branchMap":{},"s":{"0":4,"1":3,"2":4},"f":{"0":3},"b":{}}
,"C:\\Users\\user\\Desktop\\React\\react\\vite-project\\src\\components\\Modal\\Modal.tsx": {"path":"C:\\Users\\user\\Desktop\\React\\react\\vite-project\\src\\components\\Modal\\Modal.tsx","statementMap":{"0":{"start":{"line":1,"column":0},"end":{"line":1,"column":41}},"1":{"start":{"line":2,"column":0},"end":{"line":2,"column":33}},"2":{"start":{"line":3,"column":0},"end":{"line":3,"column":40}},"3":{"start":{"line":12,"column":2},"end":{"line":23,"column":22}},"4":{"start":{"line":13,"column":4},"end":{"line":13,"column":22}},"5":{"start":{"line":13,"column":15},"end":{"line":13,"column":22}},"6":{"start":{"line":15,"column":26},"end":{"line":19,"column":5}},"7":{"start":{"line":16,"column":6},"end":{"line":18,"column":7}},"8":{"start":{"line":17,"column":8},"end":{"line":17,"column":18}},"9":{"start":{"line":21,"column":4},"end":{"line":21,"column":56}},"10":{"start":{"line":22,"column":4},"end":{"line":22,"column":72}},"11":{"start":{"line":22,"column":17},"end":{"line":22,"column":71}},"12":{"start":{"line":25,"column":2},"end":{"line":25,"column":25}},"13":{"start":{"line":25,"column":13},"end":{"line":25,"column":25}},"14":{"start":{"line":27,"column":2},"end":{"line":41,"column":4}},"15":{"start":{"line":31,"column":24},"end":{"line":31,"column":43}},"16":{"start":{"line":44,"column":0},"end":{"line":44,"column":21}}},"fnMap":{"0":{"name":"Modal","decl":{"start":{"line":11,"column":9},"end":{"line":11,"column":14}},"loc":{"start":{"line":11,"column":49},"end":{"line":42,"column":1}}},"1":{"name":"(anonymous_11)","decl":{"start":{"line":12,"column":12},"end":{"line":12,"column":15}},"loc":{"start":{"line":12,"column":17},"end":{"line":23,"column":3}}},"2":{"name":"(anonymous_12)","decl":{"start":{"line":15,"column":26},"end":{"line":15,"column":27}},"loc":{"start":{"line":15,"column":47},"end":{"line":19,"column":5}}},"3":{"name":"(anonymous_13)","decl":{"start":{"line":22,"column":11},"end":{"line":22,"column":14}},"loc":{"start":{"line":22,"column":17},"end":{"line":22,"column":71}}},"4":{"name":"(anonymous_14)","decl":{"start":{"line":31,"column":17},"end":{"line":31,"column":18}},"loc":{"start":{"line":31,"column":24},"end":{"line":31,"column":43}}}},"branchMap":{"0":{"loc":{"start":{"line":13,"column":4},"end":{"line":13,"column":22}},"type":"if","locations":[{"start":{"line":13,"column":4},"end":{"line":13,"column":22}},{"start":{},"end":{}}]},"1":{"loc":{"start":{"line":16,"column":6},"end":{"line":18,"column":7}},"type":"if","locations":[{"start":{"line":16,"column":6},"end":{"line":18,"column":7}},{"start":{},"end":{}}]},"2":{"loc":{"start":{"line":25,"column":2},"end":{"line":25,"column":25}},"type":"if","locations":[{"start":{"line":25,"column":2},"end":{"line":25,"column":25}},{"start":{},"end":{}}]}},"s":{"0":2,"1":2,"2":2,"3":9,"4":9,"5":9,"6":0,"7":0,"8":0,"9":0,"10":0,"11":0,"12":9,"13":9,"14":0,"15":0,"16":2},"f":{"0":9,"1":9,"2":0,"3":0,"4":0},"b":{"0":[9,0],"1":[0,0],"2":[9,0]}}
,"C:\\Users\\user\\Desktop\\React\\react\\vite-project\\src\\components\\MovieCard\\MovieCard.tsx": {"path":"C:\\Users\\user\\Desktop\\React\\react\\vite-project\\src\\components\\MovieCard\\MovieCard.tsx","statementMap":{"0":{"start":{"line":1,"column":0},"end":{"line":1,"column":null}},"1":{"start":{"line":10,"column":0},"end":{"line":10,"column":44}},"2":{"start":{"line":12,"column":0},"end":{"line":12,"column":null}},"3":{"start":{"line":24,"column":4},"end":{"line":24,"column":21}},"4":{"start":{"line":27,"column":4},"end":{"line":28,"column":7}},"5":{"start":{"line":31,"column":4},"end":{"line":33,"column":11}},"6":{"start":{"line":38,"column":6},"end":{"line":38,"column":25}},"7":{"start":{"line":41,"column":4},"end":{"line":43,"column":68}},"8":{"start":{"line":45,"column":2},"end":{"line":102,"column":4}},"9":{"start":{"line":57,"column":10},"end":{"line":57,"column":29}},"10":{"start":{"line":60,"column":10},"end":{"line":66,"column":12}},"11":{"start":{"line":105,"column":0},"end":{"line":105,"column":25}}},"fnMap":{"0":{"name":"MovieCard","decl":{"start":{"line":20,"column":9},"end":{"line":20,"column":18}},"loc":{"start":{"line":22,"column":8},"end":{"line":103,"column":1}}},"1":{"name":"(anonymous_2)","decl":{"start":{"line":56,"column":17},"end":{"line":56,"column":18}},"loc":{"start":{"line":57,"column":10},"end":{"line":57,"column":29}}},"2":{"name":"(anonymous_3)","decl":{"start":{"line":59,"column":18},"end":{"line":59,"column":21}},"loc":{"start":{"line":60,"column":10},"end":{"line":66,"column":12}}}},"branchMap":{"0":{"loc":{"start":{"line":27,"column":4},"end":{"line":28,"column":7}},"type":"binary-expr","locations":[{"start":{"line":27,"column":4},"end":{"line":27,"column":28}},{"start":{"line":28,"column":4},"end":{"line":28,"column":7}}]},"1":{"loc":{"start":{"line":31,"column":4},"end":{"line":33,"column":11}},"type":"binary-expr","locations":[{"start":{"line":31,"column":4},"end":{"line":32,"column":null}},{"start":{"line":33,"column":9},"end":{"line":33,"column":11}}]},"2":{"loc":{"start":{"line":41,"column":4},"end":{"line":43,"column":68}},"type":"cond-expr","locations":[{"start":{"line":42,"column":8},"end":{"line":42,"column":61}},{"start":{"line":43,"column":8},"end":{"line":43,"column":68}}]}},"s":{"0":2,"1":2,"2":2,"3":3,"4":3,"5":3,"6":3,"7":3,"8":3,"9":0,"10":0,"11":2},"f":{"0":3,"1":0,"2":0},"b":{"0":[3,3],"1":[3,3],"2":[3,0]}}
,"C:\\Users\\user\\Desktop\\React\\react\\vite-project\\src\\components\\MovieList\\MovieList.tsx": {"path":"C:\\Users\\user\\Desktop\\React\\react\\vite-project\\src\\components\\MovieList\\MovieList.tsx","statementMap":{"0":{"start":{"line":1,"column":0},"end":{"line":1,"column":47}},"1":{"start":{"line":3,"column":0},"end":{"line":3,"column":44}},"2":{"start":{"line":10,"column":2},"end":{"line":19,"column":4}},"3":{"start":{"line":13,"column":8},"end":{"line":14,"column":null}},"4":{"start":{"line":22,"column":0},"end":{"line":22,"column":25}}},"fnMap":{"0":{"name":"MovieList","decl":{"start":{"line":9,"column":9},"end":{"line":9,"column":18}},"loc":{"start":{"line":9,"column":36},"end":{"line":20,"column":1}}},"1":{"name":"(anonymous_2)","decl":{"start":{"line":12,"column":18},"end":{"line":12,"column":19}},"loc":{"start":{"line":13,"column":8},"end":{"line":14,"column":null}}}},"branchMap":{},"s":{"0":2,"1":2,"2":1,"3":2,"4":2},"f":{"0":1,"1":2},"b":{}}
,"C:\\Users\\user\\Desktop\\React\\react\\vite-project\\src\\components\\Navbar\\Navbar.tsx": {"path":"C:\\Users\\user\\Desktop\\React\\react\\vite-project\\src\\components\\Navbar\\Navbar.tsx","statementMap":{"0":{"start":{"line":1,"column":0},"end":{"line":1,"column":43}},"1":{"start":{"line":3,"column":0},"end":{"line":3,"column":41}},"2":{"start":{"line":5,"column":0},"end":{"line":5,"column":54}},"3":{"start":{"line":11,"column":6},"end":{"line":11,"column":16}},"4":{"start":{"line":13,"column":2},"end":{"line":50,"column":4}},"5":{"start":{"line":19,"column":12},"end":{"line":21,"column":27}},"6":{"start":{"line":30,"column":12},"end":{"line":32,"column":27}},"7":{"start":{"line":53,"column":0},"end":{"line":53,"column":22}}},"fnMap":{"0":{"name":"Navbar","decl":{"start":{"line":7,"column":9},"end":{"line":7,"column":15}},"loc":{"start":{"line":7,"column":15},"end":{"line":51,"column":1}}},"1":{"name":"(anonymous_2)","decl":{"start":{"line":18,"column":21},"end":{"line":18,"column":22}},"loc":{"start":{"line":19,"column":12},"end":{"line":21,"column":27}}},"2":{"name":"(anonymous_3)","decl":{"start":{"line":29,"column":21},"end":{"line":29,"column":22}},"loc":{"start":{"line":30,"column":12},"end":{"line":32,"column":27}}}},"branchMap":{"0":{"loc":{"start":{"line":19,"column":12},"end":{"line":21,"column":27}},"type":"cond-expr","locations":[{"start":{"line":20,"column":16},"end":{"line":20,"column":33}},{"start":{"line":21,"column":16},"end":{"line":21,"column":27}}]},"1":{"loc":{"start":{"line":30,"column":12},"end":{"line":32,"column":27}},"type":"cond-expr","locations":[{"start":{"line":31,"column":16},"end":{"line":31,"column":33}},{"start":{"line":32,"column":16},"end":{"line":32,"column":27}}]},"2":{"loc":{"start":{"line":43,"column":13},"end":{"line":45,"column":20}},"type":"cond-expr","locations":[{"start":{"line":44,"column":16},"end":{"line":44,"column":20}},{"start":{"line":45,"column":16},"end":{"line":45,"column":20}}]}},"s":{"0":1,"1":1,"2":1,"3":2,"4":2,"5":2,"6":2,"7":1},"f":{"0":2,"1":2,"2":2},"b":{"0":[1,1],"1":[1,1],"2":[2,0]}}
,"C:\\Users\\user\\Desktop\\React\\react\\vite-project\\src\\components\\Pagination\\Pagination.tsx": {"path":"C:\\Users\\user\\Desktop\\React\\react\\vite-project\\src\\components\\Pagination\\Pagination.tsx","statementMap":{"0":{"start":{"line":1,"column":0},"end":{"line":1,"column":45}},"1":{"start":{"line":9,"column":2},"end":{"line":29,"column":4}},"2":{"start":{"line":14,"column":23},"end":{"line":14,"column":52}},"3":{"start":{"line":24,"column":23},"end":{"line":24,"column":52}},"4":{"start":{"line":32,"column":0},"end":{"line":32,"column":26}}},"fnMap":{"0":{"name":"Pagination","decl":{"start":{"line":8,"column":9},"end":{"line":8,"column":19}},"loc":{"start":{"line":8,"column":56},"end":{"line":30,"column":1}}},"1":{"name":"(anonymous_2)","decl":{"start":{"line":14,"column":17},"end":{"line":14,"column":20}},"loc":{"start":{"line":14,"column":23},"end":{"line":14,"column":52}}},"2":{"name":"(anonymous_3)","decl":{"start":{"line":24,"column":17},"end":{"line":24,"column":20}},"loc":{"start":{"line":24,"column":23},"end":{"line":24,"column":52}}}},"branchMap":{},"s":{"0":2,"1":4,"2":1,"3":1,"4":2},"f":{"0":4,"1":1,"2":1},"b":{}}
,"C:\\Users\\user\\Desktop\\React\\react\\vite-project\\src\\components\\SearchBar\\SearchBar.tsx": {"path":"C:\\Users\\user\\Desktop\\React\\react\\vite-project\\src\\components\\SearchBar\\SearchBar.tsx","statementMap":{"0":{"start":{"line":1,"column":0},"end":{"line":1,"column":44}},"1":{"start":{"line":9,"column":2},"end":{"line":17,"column":4}},"2":{"start":{"line":15,"column":23},"end":{"line":15,"column":47}},"3":{"start":{"line":20,"column":0},"end":{"line":20,"column":25}}},"fnMap":{"0":{"name":"SearchBar","decl":{"start":{"line":8,"column":9},"end":{"line":8,"column":18}},"loc":{"start":{"line":8,"column":45},"end":{"line":18,"column":1}}},"1":{"name":"(anonymous_2)","decl":{"start":{"line":15,"column":16},"end":{"line":15,"column":17}},"loc":{"start":{"line":15,"column":23},"end":{"line":15,"column":47}}}},"branchMap":{},"s":{"0":2,"1":9,"2":6,"3":2},"f":{"0":9,"1":6},"b":{}}
,"C:\\Users\\user\\Desktop\\React\\react\\vite-project\\src\\components\\SubmissionCard\\SubmissionCard.tsx": {"path":"C:\\Users\\user\\Desktop\\React\\react\\vite-project\\src\\components\\SubmissionCard\\SubmissionCard.tsx","statementMap":{"0":{"start":{"line":2,"column":0},"end":{"line":2,"column":49}},"1":{"start":{"line":10,"column":2},"end":{"line":34,"column":4}},"2":{"start":{"line":28,"column":25},"end":{"line":28,"column":44}},"3":{"start":{"line":37,"column":0},"end":{"line":37,"column":30}}},"fnMap":{"0":{"name":"SubmissionCard","decl":{"start":{"line":9,"column":9},"end":{"line":9,"column":23}},"loc":{"start":{"line":9,"column":49},"end":{"line":35,"column":1}}},"1":{"name":"(anonymous_2)","decl":{"start":{"line":28,"column":19},"end":{"line":28,"column":22}},"loc":{"start":{"line":28,"column":25},"end":{"line":28,"column":44}}}},"branchMap":{"0":{"loc":{"start":{"line":14,"column":7},"end":{"line":14,"column":54}},"type":"binary-expr","locations":[{"start":{"line":14,"column":7},"end":{"line":14,"column":17}},{"start":{"line":14,"column":21},"end":{"line":14,"column":54}}]}},"s":{"0":2,"1":0,"2":0,"3":2},"f":{"0":0,"1":0},"b":{"0":[0,0]}}
,"C:\\Users\\user\\Desktop\\React\\react\\vite-project\\src\\components\\ThrowErrorButton\\ThrowErrorButton.tsx": {"path":"C:\\Users\\user\\Desktop\\React\\react\\vite-project\\src\\components\\ThrowErrorButton\\ThrowErrorButton.tsx","statementMap":{"0":{"start":{"line":1,"column":0},"end":{"line":1,"column":33}},"1":{"start":{"line":5,"column":4},"end":{"line":5,"column":28}},"2":{"start":{"line":7,"column":2},"end":{"line":11,"column":3}},"3":{"start":{"line":8,"column":4},"end":{"line":10,"column":6}},"4":{"start":{"line":13,"column":2},"end":{"line":28,"column":4}},"5":{"start":{"line":16,"column":8},"end":{"line":16,"column":25}},"6":{"start":{"line":31,"column":0},"end":{"line":31,"column":32}}},"fnMap":{"0":{"name":"ThrowErrorButton","decl":{"start":{"line":3,"column":9},"end":{"line":3,"column":25}},"loc":{"start":{"line":3,"column":25},"end":{"line":29,"column":1}}},"1":{"name":"(anonymous_1)","decl":{"start":{"line":15,"column":15},"end":{"line":15,"column":18}},"loc":{"start":{"line":16,"column":8},"end":{"line":16,"column":25}}}},"branchMap":{"0":{"loc":{"start":{"line":7,"column":2},"end":{"line":11,"column":3}},"type":"if","locations":[{"start":{"line":7,"column":2},"end":{"line":11,"column":3}},{"start":{},"end":{}}]}},"s":{"0":3,"1":14,"2":13,"3":2,"4":11,"5":1,"6":3},"f":{"0":14,"1":1},"b":{"0":[2,11]}}
,"C:\\Users\\user\\Desktop\\React\\react\\vite-project\\src\\config\\env.ts": {"path":"C:\\Users\\user\\Desktop\\React\\react\\vite-project\\src\\config\\env.ts","statementMap":{"0":{"start":{"line":1,"column":13},"end":{"line":1,"column":34}},"1":{"start":{"line":3,"column":13},"end":{"line":3,"column":31}}},"fnMap":{},"branchMap":{},"s":{"0":2,"1":2},"f":{},"b":{}}
,"C:\\Users\\user\\Desktop\\React\\react\\vite-project\\src\\context\\ThemeContext.tsx": {"path":"C:\\Users\\user\\Desktop\\React\\react\\vite-project\\src\\context\\ThemeContext.tsx","statementMap":{"0":{"start":{"line":23,"column":0},"end":{"line":23,"column":16}},"1":{"start":{"line":58,"column":0},"end":{"line":58,"column":16}},"2":{"start":{"line":1,"column":0},"end":{"line":1,"column":null}},"3":{"start":{"line":19,"column":2},"end":{"line":21,"column":14}},"4":{"start":{"line":29,"column":4},"end":{"line":29,"column":27}},"5":{"start":{"line":32,"column":4},"end":{"line":36,"column":6}},"6":{"start":{"line":33,"column":6},"end":{"line":35,"column":16}},"7":{"start":{"line":39,"column":2},"end":{"line":44,"column":14}},"8":{"start":{"line":40,"column":4},"end":{"line":43,"column":6}},"9":{"start":{"line":46,"column":2},"end":{"line":55,"column":4}},"10":{"start":{"line":60,"column":4},"end":{"line":60,"column":28}},"11":{"start":{"line":62,"column":2},"end":{"line":66,"column":3}},"12":{"start":{"line":63,"column":4},"end":{"line":65,"column":6}},"13":{"start":{"line":68,"column":2},"end":{"line":68,"column":17}}},"fnMap":{"0":{"name":"ThemeProvider","decl":{"start":{"line":23,"column":16},"end":{"line":23,"column":29}},"loc":{"start":{"line":27,"column":1},"end":{"line":56,"column":1}}},"1":{"name":"toggleTheme","decl":{"start":{"line":31,"column":11},"end":{"line":31,"column":22}},"loc":{"start":{"line":31,"column":22},"end":{"line":37,"column":3}}},"2":{"name":"(anonymous_2)","decl":{"start":{"line":32,"column":13},"end":{"line":32,"column":14}},"loc":{"start":{"line":33,"column":6},"end":{"line":35,"column":16}}},"3":{"name":"(anonymous_3)","decl":{"start":{"line":39,"column":12},"end":{"line":39,"column":15}},"loc":{"start":{"line":39,"column":17},"end":{"line":44,"column":3}}},"4":{"name":"useTheme","decl":{"start":{"line":58,"column":16},"end":{"line":58,"column":24}},"loc":{"start":{"line":58,"column":24},"end":{"line":69,"column":1}}}},"branchMap":{"0":{"loc":{"start":{"line":33,"column":6},"end":{"line":35,"column":16}},"type":"cond-expr","locations":[{"start":{"line":34,"column":10},"end":{"line":34,"column":17}},{"start":{"line":35,"column":10},"end":{"line":35,"column":16}}]},"1":{"loc":{"start":{"line":62,"column":2},"end":{"line":66,"column":3}},"type":"if","locations":[{"start":{"line":62,"column":2},"end":{"line":66,"column":3}},{"start":{},"end":{}}]}},"s":{"0":2,"1":2,"2":2,"3":2,"4":5,"5":1,"6":1,"7":5,"8":5,"9":5,"10":5,"11":5,"12":0,"13":5},"f":{"0":5,"1":1,"2":1,"3":5,"4":5},"b":{"0":[1,0],"1":[0,5]}}
,"C:\\Users\\user\\Desktop\\React\\react\\vite-project\\src\\hooks\\useLocalStorage.ts": {"path":"C:\\Users\\user\\Desktop\\React\\react\\vite-project\\src\\hooks\\useLocalStorage.ts","statementMap":{"0":{"start":{"line":1,"column":0},"end":{"line":1,"column":33}},"1":{"start":{"line":7,"column":28},"end":{"line":18,"column":4}},"2":{"start":{"line":8,"column":4},"end":{"line":17,"column":5}},"3":{"start":{"line":10,"column":8},"end":{"line":10,"column":40}},"4":{"start":{"line":12,"column":6},"end":{"line":14,"column":23}},"5":{"start":{"line":16,"column":6},"end":{"line":16,"column":26}},"6":{"start":{"line":20,"column":25},"end":{"line":29,"column":3}},"7":{"start":{"line":23,"column":4},"end":{"line":23,"column":23}},"8":{"start":{"line":25,"column":4},"end":{"line":28,"column":6}},"9":{"start":{"line":31,"column":2},"end":{"line":31,"column":42}},"10":{"start":{"line":34,"column":0},"end":{"line":34,"column":31}}},"fnMap":{"0":{"name":"useLocalStorage","decl":{"start":{"line":3,"column":9},"end":{"line":3,"column":24}},"loc":{"start":{"line":5,"column":17},"end":{"line":32,"column":1}}},"1":{"name":"(anonymous_1)","decl":{"start":{"line":7,"column":40},"end":{"line":7,"column":43}},"loc":{"start":{"line":7,"column":45},"end":{"line":18,"column":3}}},"2":{"name":"(anonymous_2)","decl":{"start":{"line":20,"column":25},"end":{"line":20,"column":null}},"loc":{"start":{"line":22,"column":6},"end":{"line":29,"column":3}}}},"branchMap":{"0":{"loc":{"start":{"line":12,"column":13},"end":{"line":14,"column":22}},"type":"cond-expr","locations":[{"start":{"line":13,"column":10},"end":{"line":13,"column":33}},{"start":{"line":14,"column":10},"end":{"line":14,"column":22}}]}},"s":{"0":1,"1":1,"2":1,"3":1,"4":1,"5":0,"6":1,"7":0,"8":0,"9":1,"10":1},"f":{"0":1,"1":1,"2":0},"b":{"0":[0,1]}}
,"C:\\Users\\user\\Desktop\\React\\react\\vite-project\\src\\hooks\\useMovieDetails.ts": {"path":"C:\\Users\\user\\Desktop\\React\\react\\vite-project\\src\\hooks\\useMovieDetails.ts","statementMap":{"0":{"start":{"line":1,"column":0},"end":{"line":1,"column":null}},"1":{"start":{"line":5,"column":0},"end":{"line":5,"column":null}},"2":{"start":{"line":12,"column":16},"end":{"line":24,"column":4}},"3":{"start":{"line":19,"column":6},"end":{"line":20,"column":null}},"4":{"start":{"line":26,"column":2},"end":{"line":41,"column":4}},"5":{"start":{"line":44,"column":0},"end":{"line":44,"column":31}}},"fnMap":{"0":{"name":"useMovieDetails","decl":{"start":{"line":9,"column":9},"end":{"line":9,"column":24}},"loc":{"start":{"line":10,"column":24},"end":{"line":42,"column":1}}},"1":{"name":"(anonymous_1)","decl":{"start":{"line":18,"column":13},"end":{"line":18,"column":16}},"loc":{"start":{"line":19,"column":6},"end":{"line":20,"column":null}}}},"branchMap":{"0":{"loc":{"start":{"line":28,"column":6},"end":{"line":28,"column":24}},"type":"binary-expr","locations":[{"start":{"line":28,"column":6},"end":{"line":28,"column":16}},{"start":{"line":28,"column":20},"end":{"line":28,"column":24}}]}},"s":{"0":2,"1":2,"2":4,"3":2,"4":4,"5":2},"f":{"0":4,"1":2},"b":{"0":[4,3]}}
,"C:\\Users\\user\\Desktop\\React\\react\\vite-project\\src\\hooks\\useMovies.ts": {"path":"C:\\Users\\user\\Desktop\\React\\react\\vite-project\\src\\hooks\\useMovies.ts","statementMap":{"0":{"start":{"line":1,"column":0},"end":{"line":1,"column":null}},"1":{"start":{"line":5,"column":0},"end":{"line":5,"column":null}},"2":{"start":{"line":13,"column":16},"end":{"line":30,"column":4}},"3":{"start":{"line":21,"column":6},"end":{"line":23,"column":null}},"4":{"start":{"line":32,"column":2},"end":{"line":48,"column":4}},"5":{"start":{"line":51,"column":0},"end":{"line":51,"column":25}}},"fnMap":{"0":{"name":"useMovies","decl":{"start":{"line":9,"column":9},"end":{"line":9,"column":18}},"loc":{"start":{"line":11,"column":16},"end":{"line":49,"column":1}}},"1":{"name":"(anonymous_1)","decl":{"start":{"line":20,"column":13},"end":{"line":20,"column":16}},"loc":{"start":{"line":21,"column":6},"end":{"line":23,"column":null}}}},"branchMap":{"0":{"loc":{"start":{"line":34,"column":6},"end":{"line":35,"column":8}},"type":"binary-expr","locations":[{"start":{"line":34,"column":6},"end":{"line":34,"column":25}},{"start":{"line":35,"column":6},"end":{"line":35,"column":8}}]}},"s":{"0":2,"1":2,"2":5,"3":3,"4":5,"5":2},"f":{"0":5,"1":3},"b":{"0":[5,4]}}
,"C:\\Users\\user\\Desktop\\React\\react\\vite-project\\src\\layouts\\MainLayout.tsx": {"path":"C:\\Users\\user\\Desktop\\React\\react\\vite-project\\src\\layouts\\MainLayout.tsx","statementMap":{"0":{"start":{"line":1,"column":0},"end":{"line":1,"column":42}},"1":{"start":{"line":2,"column":0},"end":{"line":2,"column":49}},"2":{"start":{"line":5,"column":2},"end":{"line":10,"column":4}},"3":{"start":{"line":13,"column":0},"end":{"line":13,"column":null}}},"fnMap":{"0":{"name":"MainLayout","decl":{"start":{"line":4,"column":9},"end":{"line":4,"column":19}},"loc":{"start":{"line":4,"column":19},"end":{"line":11,"column":1}}}},"branchMap":{},"s":{"0":1,"1":1,"2":2,"3":1},"f":{"0":2},"b":{}}
,"C:\\Users\\user\\Desktop\\React\\react\\vite-project\\src\\pages\\About\\About.tsx": {"path":"C:\\Users\\user\\Desktop\\React\\react\\vite-project\\src\\pages\\About\\About.tsx","statementMap":{"0":{"start":{"line":1,"column":0},"end":{"line":1,"column":40}},"1":{"start":{"line":4,"column":2},"end":{"line":29,"column":4}},"2":{"start":{"line":32,"column":0},"end":{"line":32,"column":21}}},"fnMap":{"0":{"name":"About","decl":{"start":{"line":3,"column":9},"end":{"line":3,"column":14}},"loc":{"start":{"line":3,"column":14},"end":{"line":30,"column":1}}}},"branchMap":{},"s":{"0":1,"1":1,"2":1},"f":{"0":1},"b":{}}
,"C:\\Users\\user\\Desktop\\React\\react\\vite-project\\src\\pages\\Details\\Details.tsx": {"path":"C:\\Users\\user\\Desktop\\React\\react\\vite-project\\src\\pages\\Details\\Details.tsx","statementMap":{"0":{"start":{"line":1,"column":0},"end":{"line":1,"column":null}},"1":{"start":{"line":5,"column":0},"end":{"line":5,"column":58}},"2":{"start":{"line":7,"column":0},"end":{"line":7,"column":52}},"3":{"start":{"line":9,"column":0},"end":{"line":9,"column":42}},"4":{"start":{"line":13,"column":4},"end":{"line":13,"column":15}},"5":{"start":{"line":21,"column":6},"end":{"line":22,"column":null}},"6":{"start":{"line":25,"column":2},"end":{"line":25,"column":23}},"7":{"start":{"line":25,"column":11},"end":{"line":25,"column":23}},"8":{"start":{"line":27,"column":2},"end":{"line":110,"column":4}},"9":{"start":{"line":43,"column":14},"end":{"line":43,"column":23}},"10":{"start":{"line":113,"column":0},"end":{"line":113,"column":23}}},"fnMap":{"0":{"name":"Details","decl":{"start":{"line":11,"column":9},"end":{"line":11,"column":16}},"loc":{"start":{"line":11,"column":16},"end":{"line":111,"column":1}}},"1":{"name":"(anonymous_2)","decl":{"start":{"line":42,"column":21},"end":{"line":42,"column":24}},"loc":{"start":{"line":43,"column":14},"end":{"line":43,"column":23}}}},"branchMap":{"0":{"loc":{"start":{"line":22,"column":4},"end":{"line":22,"column":19}},"type":"binary-expr","locations":[{"start":{"line":22,"column":4},"end":{"line":22,"column":6}},{"start":{"line":22,"column":10},"end":{"line":22,"column":19}}]},"1":{"loc":{"start":{"line":25,"column":2},"end":{"line":25,"column":23}},"type":"if","locations":[{"start":{"line":25,"column":2},"end":{"line":25,"column":23}},{"start":{},"end":{}}]},"2":{"loc":{"start":{"line":29,"column":7},"end":{"line":31,"column":null}},"type":"binary-expr","locations":[{"start":{"line":29,"column":8},"end":{"line":29,"column":15}},{"start":{"line":30,"column":8},"end":{"line":30,"column":18}},{"start":{"line":31,"column":8},"end":{"line":31,"column":18}}]},"3":{"loc":{"start":{"line":34,"column":7},"end":{"line":48,"column":null}},"type":"binary-expr","locations":[{"start":{"line":34,"column":7},"end":{"line":34,"column":12}},{"start":{"line":35,"column":8},"end":{"line":47,"column":null}}]},"4":{"loc":{"start":{"line":51,"column":7},"end":{"line":95,"column":null}},"type":"binary-expr","locations":[{"start":{"line":51,"column":7},"end":{"line":51,"column":15}},{"start":{"line":52,"column":8},"end":{"line":52,"column":14}},{"start":{"line":53,"column":8},"end":{"line":53,"column":13}},{"start":{"line":54,"column":10},"end":{"line":94,"column":null}}]},"5":{"loc":{"start":{"line":60,"column":16},"end":{"line":62,"column":71}},"type":"cond-expr","locations":[{"start":{"line":61,"column":20},"end":{"line":61,"column":79}},{"start":{"line":62,"column":20},"end":{"line":62,"column":71}}]},"6":{"loc":{"start":{"line":82,"column":15},"end":{"line":83,"column":43}},"type":"binary-expr","locations":[{"start":{"line":82,"column":15},"end":{"line":82,"column":29}},{"start":{"line":83,"column":16},"end":{"line":83,"column":43}}]},"7":{"loc":{"start":{"line":92,"column":15},"end":{"line":93,"column":21}},"type":"binary-expr","locations":[{"start":{"line":92,"column":15},"end":{"line":92,"column":33}},{"start":{"line":93,"column":16},"end":{"line":93,"column":21}}]},"8":{"loc":{"start":{"line":98,"column":7},"end":{"line":107,"column":null}},"type":"binary-expr","locations":[{"start":{"line":98,"column":7},"end":{"line":98,"column":15}},{"start":{"line":99,"column":8},"end":{"line":99,"column":14}},{"start":{"line":100,"column":8},"end":{"line":100,"column":14}},{"start":{"line":101,"column":10},"end":{"line":103,"column":null}}]}},"s":{"0":2,"1":2,"2":2,"3":2,"4":1,"5":1,"6":1,"7":0,"8":1,"9":0,"10":2},"f":{"0":1,"1":0},"b":{"0":[1,0],"1":[0,1],"2":[1,1,0],"3":[1,0],"4":[1,1,1,1],"5":[1,0],"6":[1,0],"7":[1,0],"8":[1,1,1,0]}}
,"C:\\Users\\user\\Desktop\\React\\react\\vite-project\\src\\pages\\Home\\Home.tsx": {"path":"C:\\Users\\user\\Desktop\\React\\react\\vite-project\\src\\pages\\Home\\Home.tsx","statementMap":{"0":{"start":{"line":1,"column":0},"end":{"line":1,"column":33}},"1":{"start":{"line":2,"column":0},"end":{"line":2,"column":null}},"2":{"start":{"line":9,"column":0},"end":{"line":9,"column":46}},"3":{"start":{"line":10,"column":0},"end":{"line":10,"column":58}},"4":{"start":{"line":12,"column":0},"end":{"line":12,"column":61}},"5":{"start":{"line":13,"column":0},"end":{"line":13,"column":64}},"6":{"start":{"line":14,"column":0},"end":{"line":14,"column":61}},"7":{"start":{"line":15,"column":0},"end":{"line":15,"column":52}},"8":{"start":{"line":16,"column":0},"end":{"line":16,"column":82}},"9":{"start":{"line":17,"column":0},"end":{"line":17,"column":52}},"10":{"start":{"line":19,"column":0},"end":{"line":19,"column":49}},"11":{"start":{"line":20,"column":0},"end":{"line":20,"column":46}},"12":{"start":{"line":21,"column":0},"end":{"line":21,"column":76}},"13":{"start":{"line":23,"column":0},"end":{"line":23,"column":58}},"14":{"start":{"line":25,"column":0},"end":{"line":25,"column":39}},"15":{"start":{"line":28,"column":42},"end":{"line":28,"column":59}},"16":{"start":{"line":29,"column":19},"end":{"line":29,"column":32}},"17":{"start":{"line":30,"column":19},"end":{"line":30,"column":32}},"18":{"start":{"line":32,"column":46},"end":{"line":34,"column":null}},"19":{"start":{"line":37,"column":40},"end":{"line":37,"column":55}},"20":{"start":{"line":39,"column":15},"end":{"line":39,"column":52}},"21":{"start":{"line":40,"column":17},"end":{"line":40,"column":49}},"22":{"start":{"line":42,"column":58},"end":{"line":44,"column":null}},"23":{"start":{"line":47,"column":22},"end":{"line":47,"column":65}},"24":{"start":{"line":47,"column":47},"end":{"line":47,"column":64}},"25":{"start":{"line":48,"column":27},"end":{"line":48,"column":75}},"26":{"start":{"line":48,"column":52},"end":{"line":48,"column":74}},"27":{"start":{"line":50,"column":24},"end":{"line":50,"column":61}},"28":{"start":{"line":53,"column":24},"end":{"line":55,"column":3}},"29":{"start":{"line":54,"column":4},"end":{"line":54,"column":14}},"30":{"start":{"line":58,"column":4},"end":{"line":58,"column":50}},"31":{"start":{"line":60,"column":4},"end":{"line":67,"column":5}},"32":{"start":{"line":61,"column":22},"end":{"line":64,"column":19}},"33":{"start":{"line":63,"column":40},"end":{"line":63,"column":51}},"34":{"start":{"line":66,"column":6},"end":{"line":66,"column":33}},"35":{"start":{"line":71,"column":43},"end":{"line":73,"column":6}},"36":{"start":{"line":75,"column":4},"end":{"line":75,"column":39}},"37":{"start":{"line":75,"column":16},"end":{"line":75,"column":39}},"38":{"start":{"line":77,"column":4},"end":{"line":77,"column":28}},"39":{"start":{"line":81,"column":4},"end":{"line":81,"column":48}},"40":{"start":{"line":84,"column":2},"end":{"line":179,"column":4}},"41":{"start":{"line":146,"column":27},"end":{"line":146,"column":47}},"42":{"start":{"line":162,"column":12},"end":{"line":163,"column":null}},"43":{"start":{"line":174,"column":23},"end":{"line":174,"column":44}},"44":{"start":{"line":176,"column":29},"end":{"line":176,"column":50}},"45":{"start":{"line":182,"column":0},"end":{"line":182,"column":20}}},"fnMap":{"0":{"name":"Home","decl":{"start":{"line":27,"column":9},"end":{"line":27,"column":13}},"loc":{"start":{"line":27,"column":13},"end":{"line":180,"column":1}}},"1":{"name":"(anonymous_2)","decl":{"start":{"line":47,"column":36},"end":{"line":47,"column":37}},"loc":{"start":{"line":47,"column":47},"end":{"line":47,"column":64}}},"2":{"name":"(anonymous_3)","decl":{"start":{"line":48,"column":41},"end":{"line":48,"column":42}},"loc":{"start":{"line":48,"column":52},"end":{"line":48,"column":74}}},"3":{"name":"(anonymous_4)","decl":{"start":{"line":53,"column":24},"end":{"line":53,"column":27}},"loc":{"start":{"line":53,"column":29},"end":{"line":55,"column":3}}},"4":{"name":"handleSearch","decl":{"start":{"line":57,"column":11},"end":{"line":57,"column":23}},"loc":{"start":{"line":57,"column":37},"end":{"line":68,"column":3}}},"5":{"name":"(anonymous_6)","decl":{"start":{"line":63,"column":33},"end":{"line":63,"column":34}},"loc":{"start":{"line":63,"column":40},"end":{"line":63,"column":51}}},"6":{"name":"handlePageChange","decl":{"start":{"line":70,"column":11},"end":{"line":70,"column":27}},"loc":{"start":{"line":70,"column":43},"end":{"line":78,"column":3}}},"7":{"name":"closeDetails","decl":{"start":{"line":80,"column":11},"end":{"line":80,"column":23}},"loc":{"start":{"line":80,"column":23},"end":{"line":82,"column":3}}},"8":{"name":"(anonymous_9)","decl":{"start":{"line":146,"column":21},"end":{"line":146,"column":24}},"loc":{"start":{"line":146,"column":27},"end":{"line":146,"column":47}}},"9":{"name":"(anonymous_10)","decl":{"start":{"line":161,"column":27},"end":{"line":161,"column":28}},"loc":{"start":{"line":162,"column":12},"end":{"line":163,"column":null}}},"10":{"name":"(anonymous_11)","decl":{"start":{"line":174,"column":17},"end":{"line":174,"column":20}},"loc":{"start":{"line":174,"column":23},"end":{"line":174,"column":44}}},"11":{"name":"(anonymous_12)","decl":{"start":{"line":176,"column":23},"end":{"line":176,"column":26}},"loc":{"start":{"line":176,"column":29},"end":{"line":176,"column":50}}}},"branchMap":{"0":{"loc":{"start":{"line":39,"column":22},"end":{"line":39,"column":51}},"type":"binary-expr","locations":[{"start":{"line":39,"column":22},"end":{"line":39,"column":46}},{"start":{"line":39,"column":50},"end":{"line":39,"column":51}}]},"1":{"loc":{"start":{"line":40,"column":17},"end":{"line":40,"column":49}},"type":"binary-expr","locations":[{"start":{"line":40,"column":17},"end":{"line":40,"column":43}},{"start":{"line":40,"column":47},"end":{"line":40,"column":49}}]},"2":{"loc":{"start":{"line":60,"column":4},"end":{"line":67,"column":5}},"type":"if","locations":[{"start":{"line":60,"column":4},"end":{"line":67,"column":5}},{"start":{},"end":{}}]},"3":{"loc":{"start":{"line":75,"column":4},"end":{"line":75,"column":39}},"type":"if","locations":[{"start":{"line":75,"column":4},"end":{"line":75,"column":39}},{"start":{},"end":{}}]},"4":{"loc":{"start":{"line":95,"column":11},"end":{"line":96,"column":null}},"type":"binary-expr","locations":[{"start":{"line":95,"column":11},"end":{"line":95,"column":21}},{"start":{"line":96,"column":12},"end":{"line":96,"column":68}}]},"5":{"loc":{"start":{"line":104,"column":9},"end":{"line":107,"column":null}},"type":"binary-expr","locations":[{"start":{"line":104,"column":9},"end":{"line":104,"column":14}},{"start":{"line":105,"column":10},"end":{"line":105,"column":null}}]},"6":{"loc":{"start":{"line":110,"column":9},"end":{"line":124,"column":null}},"type":"cond-expr","locations":[{"start":{"line":111,"column":10},"end":{"line":111,"column":20}},{"start":{"line":112,"column":12},"end":{"line":124,"column":null}}]},"7":{"loc":{"start":{"line":112,"column":12},"end":{"line":124,"column":null}},"type":"cond-expr","locations":[{"start":{"line":113,"column":10},"end":{"line":114,"column":null}},{"start":{"line":117,"column":10},"end":{"line":123,"column":null}}]},"8":{"loc":{"start":{"line":131,"column":10},"end":{"line":131,"column":null}},"type":"cond-expr","locations":[{"start":{"line":131,"column":27},"end":{"line":131,"column":40}},{"start":{"line":131,"column":43},"end":{"line":131,"column":null}}]},"9":{"loc":{"start":{"line":135,"column":11},"end":{"line":141,"column":null}},"type":"binary-expr","locations":[{"start":{"line":135,"column":11},"end":{"line":135,"column":24}},{"start":{"line":136,"column":12},"end":{"line":138,"column":null}}]},"10":{"loc":{"start":{"line":155,"column":11},"end":{"line":158,"column":null}},"type":"binary-expr","locations":[{"start":{"line":155,"column":11},"end":{"line":155,"column":33}},{"start":{"line":156,"column":12},"end":{"line":156,"column":null}}]}},"s":{"0":2,"1":2,"2":2,"3":2,"4":2,"5":2,"6":2,"7":2,"8":2,"9":2,"10":2,"11":2,"12":2,"13":2,"14":2,"15":9,"16":9,"17":9,"18":9,"19":9,"20":9,"21":9,"22":9,"23":9,"24":33,"25":9,"26":33,"27":9,"28":9,"29":0,"30":6,"31":6,"32":6,"33":0,"34":6,"35":0,"36":0,"37":0,"38":0,"39":0,"40":9,"41":0,"42":0,"43":0,"44":0,"45":2},"f":{"0":9,"1":33,"2":33,"3":0,"4":6,"5":0,"6":0,"7":0,"8":0,"9":0,"10":0,"11":0},"b":{"0":[9,3],"1":[9,3],"2":[6,0],"3":[0,0],"4":[9,1],"5":[9,0],"6":[1,8],"7":[0,8],"8":[9,0],"9":[9,0],"10":[9,0]}}
,"C:\\Users\\user\\Desktop\\React\\react\\vite-project\\src\\pages\\NotFound\\NotFound.tsx": {"path":"C:\\Users\\user\\Desktop\\React\\react\\vite-project\\src\\pages\\NotFound\\NotFound.tsx","statementMap":{"0":{"start":{"line":1,"column":0},"end":{"line":1,"column":40}},"1":{"start":{"line":4,"column":2},"end":{"line":10,"column":4}},"2":{"start":{"line":13,"column":0},"end":{"line":13,"column":24}}},"fnMap":{"0":{"name":"NotFound","decl":{"start":{"line":3,"column":9},"end":{"line":3,"column":17}},"loc":{"start":{"line":3,"column":17},"end":{"line":11,"column":1}}}},"branchMap":{},"s":{"0":2,"1":1,"2":2},"f":{"0":1},"b":{}}
,"C:\\Users\\user\\Desktop\\React\\react\\vite-project\\src\\routes\\AppRoutes.tsx": {"path":"C:\\Users\\user\\Desktop\\React\\react\\vite-project\\src\\routes\\AppRoutes.tsx","statementMap":{"0":{"start":{"line":1,"column":0},"end":{"line":1,"column":null}},"1":{"start":{"line":6,"column":0},"end":{"line":6,"column":47}},"2":{"start":{"line":8,"column":0},"end":{"line":8,"column":38}},"3":{"start":{"line":10,"column":0},"end":{"line":10,"column":41}},"4":{"start":{"line":12,"column":0},"end":{"line":12,"column":47}},"5":{"start":{"line":14,"column":0},"end":{"line":14,"column":50}},"6":{"start":{"line":17,"column":2},"end":{"line":57,"column":4}},"7":{"start":{"line":60,"column":0},"end":{"line":60,"column":25}}},"fnMap":{"0":{"name":"AppRoutes","decl":{"start":{"line":16,"column":9},"end":{"line":16,"column":18}},"loc":{"start":{"line":16,"column":18},"end":{"line":58,"column":1}}}},"branchMap":{},"s":{"0":1,"1":1,"2":1,"3":1,"4":1,"5":1,"6":2,"7":1},"f":{"0":2},"b":{}}
,"C:\\Users\\user\\Desktop\\React\\react\\vite-project\\src\\services\\api.ts": {"path":"C:\\Users\\user\\Desktop\\React\\react\\vite-project\\src\\services\\api.ts","statementMap":{"0":{"start":{"line":10,"column":0},"end":{"line":10,"column":7}},"1":{"start":{"line":24,"column":0},"end":{"line":24,"column":7}},"2":{"start":{"line":2,"column":0},"end":{"line":2,"column":47}},"3":{"start":{"line":4,"column":17},"end":{"line":4,"column":47}},"4":{"start":{"line":11,"column":14},"end":{"line":13,"column":65}},"5":{"start":{"line":15,"column":19},"end":{"line":15,"column":35}},"6":{"start":{"line":17,"column":2},"end":{"line":19,"column":3}},"7":{"start":{"line":18,"column":4},"end":{"line":18,"column":64}},"8":{"start":{"line":21,"column":2},"end":{"line":21,"column":25}},"9":{"start":{"line":25,"column":19},"end":{"line":26,"column":null}},"10":{"start":{"line":29,"column":2},"end":{"line":31,"column":3}},"11":{"start":{"line":30,"column":4},"end":{"line":30,"column":53}},"12":{"start":{"line":33,"column":2},"end":{"line":33,"column":25}}},"fnMap":{"0":{"name":"getMovies","decl":{"start":{"line":10,"column":22},"end":{"line":10,"column":31}},"loc":{"start":{"line":10,"column":60},"end":{"line":22,"column":1}}},"1":{"name":"getMovieDetails","decl":{"start":{"line":24,"column":22},"end":{"line":24,"column":37}},"loc":{"start":{"line":24,"column":48},"end":{"line":34,"column":1}}}},"branchMap":{"0":{"loc":{"start":{"line":11,"column":14},"end":{"line":13,"column":65}},"type":"cond-expr","locations":[{"start":{"line":12,"column":6},"end":{"line":12,"column":80}},{"start":{"line":13,"column":6},"end":{"line":13,"column":65}}]},"1":{"loc":{"start":{"line":17,"column":2},"end":{"line":19,"column":3}},"type":"if","locations":[{"start":{"line":17,"column":2},"end":{"line":19,"column":3}},{"start":{},"end":{}}]},"2":{"loc":{"start":{"line":29,"column":2},"end":{"line":31,"column":3}},"type":"if","locations":[{"start":{"line":29,"column":2},"end":{"line":31,"column":3}},{"start":{},"end":{}}]}},"s":{"0":2,"1":2,"2":2,"3":2,"4":2,"5":2,"6":1,"7":0,"8":1,"9":0,"10":0,"11":0,"12":0},"f":{"0":2,"1":0},"b":{"0":[0,2],"1":[0,1],"2":[0,0]}}
,"C:\\Users\\user\\Desktop\\React\\react\\vite-project\\src\\store\\useFormsStore.ts": {"path":"C:\\Users\\user\\Desktop\\React\\react\\vite-project\\src\\store\\useFormsStore.ts","statementMap":{"0":{"start":{"line":1,"column":0},"end":{"line":1,"column":33}},"1":{"start":{"line":21,"column":13},"end":{"line":33,"column":4}},"2":{"start":{"line":21,"column":53},"end":{"line":33,"column":2}},"3":{"start":{"line":25,"column":4},"end":{"line":27,"column":7}},"4":{"start":{"line":25,"column":20},"end":{"line":27,"column":6}},"5":{"start":{"line":30,"column":4},"end":{"line":32,"column":7}},"6":{"start":{"line":30,"column":20},"end":{"line":32,"column":6}},"7":{"start":{"line":31,"column":51},"end":{"line":31,"column":62}}},"fnMap":{"0":{"name":"(anonymous_0)","decl":{"start":{"line":21,"column":43},"end":{"line":21,"column":44}},"loc":{"start":{"line":21,"column":53},"end":{"line":33,"column":2}}},"1":{"name":"(anonymous_1)","decl":{"start":{"line":24,"column":17},"end":{"line":24,"column":18}},"loc":{"start":{"line":25,"column":4},"end":{"line":27,"column":7}}},"2":{"name":"(anonymous_2)","decl":{"start":{"line":25,"column":8},"end":{"line":25,"column":9}},"loc":{"start":{"line":25,"column":20},"end":{"line":27,"column":6}}},"3":{"name":"(anonymous_3)","decl":{"start":{"line":29,"column":20},"end":{"line":29,"column":21}},"loc":{"start":{"line":30,"column":4},"end":{"line":32,"column":7}}},"4":{"name":"(anonymous_4)","decl":{"start":{"line":30,"column":8},"end":{"line":30,"column":9}},"loc":{"start":{"line":30,"column":20},"end":{"line":32,"column":6}}},"5":{"name":"(anonymous_5)","decl":{"start":{"line":31,"column":44},"end":{"line":31,"column":45}},"loc":{"start":{"line":31,"column":51},"end":{"line":31,"column":62}}}},"branchMap":{},"s":{"0":2,"1":2,"2":2,"3":0,"4":0,"5":0,"6":0,"7":0},"f":{"0":2,"1":0,"2":0,"3":0,"4":0,"5":0},"b":{}}
,"C:\\Users\\user\\Desktop\\React\\react\\vite-project\\src\\store\\useSelectedMovies.ts": {"path":"C:\\Users\\user\\Desktop\\React\\react\\vite-project\\src\\store\\useSelectedMovies.ts","statementMap":{"0":{"start":{"line":1,"column":0},"end":{"line":1,"column":33}},"1":{"start":{"line":21,"column":13},"end":{"line":55,"column":6}},"2":{"start":{"line":22,"column":31},"end":{"line":55,"column":4}},"3":{"start":{"line":26,"column":21},"end":{"line":27,"column":null}},"4":{"start":{"line":27,"column":15},"end":{"line":27,"column":32}},"5":{"start":{"line":30,"column":6},"end":{"line":45,"column":7}},"6":{"start":{"line":31,"column":8},"end":{"line":37,"column":11}},"7":{"start":{"line":35,"column":16},"end":{"line":35,"column":33}},"8":{"start":{"line":39,"column":8},"end":{"line":44,"column":11}},"9":{"start":{"line":49,"column":6},"end":{"line":49,"column":27}},"10":{"start":{"line":52,"column":6},"end":{"line":53,"column":null}},"11":{"start":{"line":53,"column":15},"end":{"line":53,"column":26}}},"fnMap":{"0":{"name":"(anonymous_0)","decl":{"start":{"line":22,"column":16},"end":{"line":22,"column":17}},"loc":{"start":{"line":22,"column":31},"end":{"line":55,"column":4}}},"1":{"name":"(anonymous_1)","decl":{"start":{"line":25,"column":17},"end":{"line":25,"column":18}},"loc":{"start":{"line":25,"column":27},"end":{"line":46,"column":5}}},"2":{"name":"(anonymous_2)","decl":{"start":{"line":27,"column":8},"end":{"line":27,"column":9}},"loc":{"start":{"line":27,"column":15},"end":{"line":27,"column":32}}},"3":{"name":"(anonymous_3)","decl":{"start":{"line":34,"column":14},"end":{"line":34,"column":15}},"loc":{"start":{"line":35,"column":16},"end":{"line":35,"column":33}}},"4":{"name":"(anonymous_4)","decl":{"start":{"line":48,"column":19},"end":{"line":48,"column":22}},"loc":{"start":{"line":49,"column":6},"end":{"line":49,"column":27}}},"5":{"name":"(anonymous_5)","decl":{"start":{"line":51,"column":16},"end":{"line":51,"column":17}},"loc":{"start":{"line":52,"column":6},"end":{"line":53,"column":null}}},"6":{"name":"(anonymous_6)","decl":{"start":{"line":53,"column":8},"end":{"line":53,"column":9}},"loc":{"start":{"line":53,"column":15},"end":{"line":53,"column":26}}}},"branchMap":{"0":{"loc":{"start":{"line":30,"column":6},"end":{"line":45,"column":7}},"type":"if","locations":[{"start":{"line":30,"column":6},"end":{"line":45,"column":7}},{"start":{"line":38,"column":13},"end":{"line":45,"column":7}}]}},"s":{"0":4,"1":4,"2":4,"3":5,"4":1,"5":5,"6":1,"7":1,"8":4,"9":5,"10":4,"11":1},"f":{"0":4,"1":5,"2":1,"3":1,"4":5,"5":4,"6":1},"b":{"0":[1,4]}}
,"C:\\Users\\user\\Desktop\\React\\react\\vite-project\\src\\tests\\queryWrapper.tsx": {"path":"C:\\Users\\user\\Desktop\\React\\react\\vite-project\\src\\tests\\queryWrapper.tsx","statementMap":{"0":{"start":{"line":10,"column":0},"end":{"line":10,"column":16}},"1":{"start":{"line":1,"column":0},"end":{"line":1,"column":null}},"2":{"start":{"line":12,"column":4},"end":{"line":18,"column":6}},"3":{"start":{"line":20,"column":2},"end":{"line":30,"column":4}},"4":{"start":{"line":23,"column":4},"end":{"line":29,"column":6}}},"fnMap":{"0":{"name":"createWrapper","decl":{"start":{"line":10,"column":16},"end":{"line":10,"column":29}},"loc":{"start":{"line":10,"column":29},"end":{"line":31,"column":1}}},"1":{"name":"Wrapper","decl":{"start":{"line":20,"column":18},"end":{"line":20,"column":25}},"loc":{"start":{"line":22,"column":10},"end":{"line":30,"column":3}}}},"branchMap":{},"s":{"0":3,"1":3,"2":5,"3":5,"4":6},"f":{"0":5,"1":6},"b":{}}
}
