TN:
SF:src\components\Flyout\Flyout.tsx
FN:11,Flyout
FN:26,handleDownload
FN:33,(anonymous_3)
FN:69,handleClear
FN:85,(anonymous_5)
FNF:5
FNH:2
FNDA:13,Flyout
FNDA:0,handleDownload
FNDA:0,(anonymous_3)
FNDA:0,handleClear
FNDA:1,(anonymous_5)
DA:1,2
DA:5,2
DA:9,2
DA:13,13
DA:18,12
DA:20,12
DA:23,8
DA:28,0
DA:31,0
DA:34,0
DA:39,0
DA:42,0
DA:47,0
DA:52,0
DA:56,0
DA:58,0
DA:60,0
DA:62,0
DA:66,0
DA:70,0
DA:72,0
DA:75,4
DA:86,1
DA:141,2
LF:24
LH:10
BRDA:20,0,0,8
BRDA:20,0,1,4
BRDA:94,1,0,4
BRDA:94,1,1,1
BRF:4
BRH:4
end_of_record
TN:
SF:src\components\Loader\Loader.tsx
FN:3,Loader
FNF:1
FNH:1
FNDA:2,Loader
DA:1,3
DA:4,2
DA:17,3
LF:3
LH:3
BRF:0
BRH:0
end_of_record
TN:
SF:src\components\MovieCard\MovieCard.tsx
FN:20,MovieCard
FN:56,(anonymous_2)
FN:59,(anonymous_3)
FNF:3
FNH:1
FNDA:3,MovieCard
FNDA:0,(anonymous_2)
FNDA:0,(anonymous_3)
DA:1,1
DA:10,1
DA:12,1
DA:24,3
DA:27,3
DA:31,3
DA:38,3
DA:41,3
DA:45,3
DA:57,0
DA:60,0
DA:105,1
LF:12
LH:10
BRDA:27,0,0,3
BRDA:27,0,1,3
BRDA:31,1,0,3
BRDA:31,1,1,3
BRDA:41,2,0,3
BRDA:41,2,1,0
BRF:6
BRH:5
end_of_record
TN:
SF:src\components\MovieList\MovieList.tsx
FN:9,MovieList
FN:12,(anonymous_2)
FNF:2
FNH:2
FNDA:1,MovieList
FNDA:2,(anonymous_2)
DA:1,1
DA:3,1
DA:10,1
DA:13,2
DA:22,1
LF:5
LH:5
BRF:0
BRH:0
end_of_record
TN:
SF:src\components\Pagination\Pagination.tsx
FN:8,Pagination
FN:14,(anonymous_2)
FN:24,(anonymous_3)
FNF:3
FNH:3
FNDA:4,Pagination
FNDA:1,(anonymous_2)
FNDA:1,(anonymous_3)
DA:1,1
DA:9,4
DA:14,1
DA:24,1
DA:32,1
LF:5
LH:5
BRF:0
BRH:0
end_of_record
TN:
SF:src\components\SearchBar\SearchBar.tsx
FN:8,SearchBar
FN:15,(anonymous_2)
FNF:2
FNH:2
FNDA:8,SearchBar
FNDA:6,(anonymous_2)
DA:1,1
DA:9,8
DA:15,6
DA:20,1
LF:4
LH:4
BRF:0
BRH:0
end_of_record
TN:
SF:src\components\ThrowErrorButton\ThrowErrorButton.tsx
FN:3,ThrowErrorButton
FN:15,(anonymous_1)
FNF:2
FNH:2
FNDA:13,ThrowErrorButton
FNDA:1,(anonymous_1)
DA:1,2
DA:5,13
DA:7,12
DA:8,2
DA:13,10
DA:16,1
DA:31,2
LF:7
LH:7
BRDA:7,0,0,2
BRDA:7,0,1,10
BRF:2
BRH:2
end_of_record
TN:
SF:src\context\ThemeContext.tsx
FN:23,ThemeProvider
FN:31,toggleTheme
FN:32,(anonymous_2)
FN:39,(anonymous_3)
FN:58,useTheme
FNF:5
FNH:5
FNDA:3,ThemeProvider
FNDA:1,toggleTheme
FNDA:1,(anonymous_2)
FNDA:3,(anonymous_3)
FNDA:3,useTheme
DA:1,1
DA:19,1
DA:23,1
DA:29,3
DA:32,1
DA:33,1
DA:39,3
DA:40,3
DA:46,3
DA:58,1
DA:60,3
DA:62,3
DA:63,0
DA:68,3
LF:14
LH:13
BRDA:33,0,0,1
BRDA:33,0,1,0
BRDA:62,1,0,0
BRDA:62,1,1,3
BRF:4
BRH:2
end_of_record
TN:
SF:src\hooks\useMovieDetails.ts
FN:9,useMovieDetails
FN:18,(anonymous_1)
FNF:2
FNH:2
FNDA:4,useMovieDetails
FNDA:2,(anonymous_1)
DA:1,1
DA:5,1
DA:12,4
DA:19,2
DA:26,4
DA:44,1
LF:6
LH:6
BRDA:28,0,0,4
BRDA:28,0,1,3
BRF:2
BRH:2
end_of_record
TN:
SF:src\hooks\useMovies.ts
FN:9,useMovies
FN:20,(anonymous_1)
FNF:2
FNH:2
FNDA:4,useMovies
FNDA:2,(anonymous_1)
DA:1,1
DA:5,1
DA:13,4
DA:21,2
DA:32,4
DA:51,1
LF:6
LH:6
BRDA:34,0,0,4
BRDA:34,0,1,3
BRF:2
BRH:2
end_of_record
TN:
SF:src\pages\Details\Details.tsx
FN:11,Details
FN:42,(anonymous_2)
FNF:2
FNH:1
FNDA:1,Details
FNDA:0,(anonymous_2)
DA:1,1
DA:5,1
DA:7,1
DA:9,1
DA:13,1
DA:21,1
DA:25,1
DA:27,1
DA:43,0
DA:113,1
LF:10
LH:9
BRDA:22,0,0,1
BRDA:22,0,1,0
BRDA:25,1,0,0
BRDA:25,1,1,1
BRDA:29,2,0,1
BRDA:29,2,1,1
BRDA:29,2,2,0
BRDA:34,3,0,1
BRDA:34,3,1,0
BRDA:51,4,0,1
BRDA:51,4,1,1
BRDA:51,4,2,1
BRDA:51,4,3,1
BRDA:60,5,0,1
BRDA:60,5,1,0
BRDA:82,6,0,1
BRDA:82,6,1,0
BRDA:92,7,0,1
BRDA:92,7,1,0
BRDA:98,8,0,1
BRDA:98,8,1,1
BRDA:98,8,2,1
BRDA:98,8,3,0
BRF:23
BRH:15
end_of_record
TN:
SF:src\pages\Home\Home.tsx
FN:26,Home
FN:62,handleRefresh
FN:66,handleSearch
FN:78,(anonymous_4)
FN:89,handlePageChange
FN:109,closeDetails
FN:182,(anonymous_7)
FN:188,(anonymous_8)
FNF:8
FNH:2
FNDA:8,Home
FNDA:0,handleRefresh
FNDA:6,handleSearch
FNDA:0,(anonymous_4)
FNDA:0,handlePageChange
FNDA:0,closeDetails
FNDA:0,(anonymous_7)
FNDA:0,(anonymous_8)
DA:1,1
DA:8,1
DA:10,1
DA:12,1
DA:14,1
DA:16,1
DA:18,1
DA:20,1
DA:22,1
DA:24,1
DA:28,8
DA:31,8
DA:34,8
DA:39,8
DA:44,8
DA:49,8
DA:57,8
DA:63,0
DA:69,6
DA:74,6
DA:75,6
DA:79,0
DA:83,6
DA:95,0
DA:99,0
DA:100,0
DA:104,0
DA:110,0
DA:116,8
DA:120,8
DA:183,0
DA:189,0
DA:278,1
LF:33
LH:24
BRDA:45,0,0,8
BRDA:45,0,1,2
BRDA:49,1,0,8
BRDA:49,1,1,2
BRDA:74,2,0,6
BRDA:74,2,1,0
BRDA:99,3,0,0
BRDA:99,3,1,0
BRDA:154,4,0,8
BRDA:154,4,1,0
BRDA:169,5,0,8
BRDA:169,5,1,0
BRDA:206,6,0,8
BRDA:206,6,1,0
BRDA:217,7,0,0
BRDA:217,7,1,8
BRDA:219,8,0,0
BRDA:219,8,1,8
BRDA:252,9,0,8
BRDA:252,9,1,0
BRDA:257,10,0,8
BRDA:257,10,1,0
BRF:22
BRH:12
end_of_record
TN:
SF:src\pages\NotFound\NotFound.tsx
FN:3,NotFound
FNF:1
FNH:1
FNDA:1,NotFound
DA:1,1
DA:4,1
DA:13,1
LF:3
LH:3
BRF:0
BRH:0
end_of_record
TN:
SF:src\store\useSelectedMovies.ts
FN:22,(anonymous_0)
FN:25,(anonymous_1)
FN:27,(anonymous_2)
FN:34,(anonymous_3)
FN:48,(anonymous_4)
FN:51,(anonymous_5)
FN:53,(anonymous_6)
FNF:7
FNH:7
FNDA:3,(anonymous_0)
FNDA:5,(anonymous_1)
FNDA:1,(anonymous_2)
FNDA:1,(anonymous_3)
FNDA:5,(anonymous_4)
FNDA:4,(anonymous_5)
FNDA:1,(anonymous_6)
DA:1,3
DA:21,3
DA:22,3
DA:26,5
DA:27,1
DA:30,5
DA:31,1
DA:35,1
DA:39,4
DA:49,5
DA:52,4
DA:53,1
LF:12
LH:12
BRDA:30,0,0,1
BRDA:30,0,1,4
BRF:2
BRH:2
end_of_record
TN:
SF:src\tests\queryWrapper.tsx
FN:10,createWrapper
FN:20,Wrapper
FNF:2
FNH:2
FNDA:4,createWrapper
FNDA:4,Wrapper
DA:1,2
DA:10,2
DA:12,4
DA:20,4
DA:23,4
LF:5
LH:5
BRF:0
BRH:0
end_of_record
