TN:
SF:src\components\Flyout\Flyout.tsx
FN:11,Flyout
FN:26,handleDownload
FN:33,(anonymous_3)
FN:69,handleClear
FN:85,(anonymous_5)
FNF:5
FNH:4
FNDA:14,Flyout
FNDA:1,handleDownload
FNDA:1,(anonymous_3)
FNDA:0,handleClear
FNDA:2,(anonymous_5)
DA:1,3
DA:5,3
DA:9,3
DA:13,14
DA:18,14
DA:20,14
DA:23,9
DA:28,1
DA:31,1
DA:34,1
DA:39,1
DA:42,1
DA:47,1
DA:52,1
DA:56,1
DA:58,1
DA:60,1
DA:62,1
DA:66,1
DA:70,0
DA:72,0
DA:75,5
DA:86,2
DA:141,3
LF:24
LH:22
BRDA:20,0,0,9
BRDA:20,0,1,5
BRDA:94,1,0,5
BRDA:94,1,1,2
BRF:4
BRH:4
end_of_record
TN:
SF:src\components\Form\Form.tsx
FN:8,Form
FN:9,(anonymous_1)
FN:20,handleSubmit
FNF:3
FNH:0
FNDA:0,Form
FNDA:0,(anonymous_1)
FNDA:0,handleSubmit
DA:1,2
DA:2,2
DA:9,0
DA:11,0
DA:12,0
DA:13,0
DA:14,0
DA:15,0
DA:16,0
DA:18,0
DA:21,0
DA:23,0
DA:24,0
DA:25,0
DA:26,0
DA:27,0
DA:28,0
DA:31,0
DA:32,0
DA:33,0
DA:36,0
DA:37,0
DA:38,0
DA:41,0
DA:42,0
DA:43,0
DA:44,0
DA:47,0
DA:58,0
DA:61,0
DA:62,0
DA:63,0
DA:64,0
DA:65,0
DA:66,0
DA:68,0
DA:69,0
DA:72,0
DA:96,2
LF:39
LH:3
BRDA:23,0,0,0
BRDA:23,0,1,0
BRDA:25,1,0,0
BRDA:25,1,1,0
BRDA:26,2,0,0
BRDA:26,2,1,0
BRDA:27,3,0,0
BRDA:27,3,1,0
BRDA:31,4,0,0
BRDA:31,4,1,0
BRDA:31,5,0,0
BRDA:31,5,1,0
BRDA:31,5,2,0
BRDA:31,5,3,0
BRDA:36,6,0,0
BRDA:36,6,1,0
BRDA:36,7,0,0
BRDA:36,7,1,0
BRDA:36,7,2,0
BRDA:42,8,0,0
BRDA:42,8,1,0
BRDA:54,9,0,0
BRDA:54,9,1,0
BRDA:61,10,0,0
BRDA:61,10,1,0
BRDA:62,11,0,0
BRDA:62,11,1,0
BRDA:63,12,0,0
BRDA:63,12,1,0
BRDA:64,13,0,0
BRDA:64,13,1,0
BRDA:65,14,0,0
BRDA:65,14,1,0
BRDA:66,15,0,0
BRDA:66,15,1,0
BRDA:76,16,0,0
BRDA:76,16,1,0
BRF:37
BRH:0
end_of_record
TN:
SF:src\components\Loader\Loader.tsx
FN:3,Loader
FNF:1
FNH:1
FNDA:3,Loader
DA:1,4
DA:4,3
DA:17,4
LF:3
LH:3
BRF:0
BRH:0
end_of_record
TN:
SF:src\components\Modal\Modal.tsx
FN:11,Modal
FN:12,(anonymous_11)
FN:15,(anonymous_12)
FN:22,(anonymous_13)
FN:31,(anonymous_14)
FNF:5
FNH:2
FNDA:9,Modal
FNDA:9,(anonymous_11)
FNDA:0,(anonymous_12)
FNDA:0,(anonymous_13)
FNDA:0,(anonymous_14)
DA:1,2
DA:2,2
DA:3,2
DA:12,9
DA:13,9
DA:15,0
DA:16,0
DA:17,0
DA:21,0
DA:22,0
DA:25,9
DA:27,0
DA:31,0
DA:44,2
LF:14
LH:7
BRDA:13,0,0,9
BRDA:13,0,1,0
BRDA:16,1,0,0
BRDA:16,1,1,0
BRDA:25,2,0,9
BRDA:25,2,1,0
BRF:6
BRH:2
end_of_record
TN:
SF:src\components\MovieCard\MovieCard.tsx
FN:20,MovieCard
FN:56,(anonymous_2)
FN:59,(anonymous_3)
FNF:3
FNH:1
FNDA:3,MovieCard
FNDA:0,(anonymous_2)
FNDA:0,(anonymous_3)
DA:1,2
DA:10,2
DA:12,2
DA:24,3
DA:27,3
DA:31,3
DA:38,3
DA:41,3
DA:45,3
DA:57,0
DA:60,0
DA:105,2
LF:12
LH:10
BRDA:27,0,0,3
BRDA:27,0,1,3
BRDA:31,1,0,3
BRDA:31,1,1,3
BRDA:41,2,0,3
BRDA:41,2,1,0
BRF:6
BRH:5
end_of_record
TN:
SF:src\components\MovieList\MovieList.tsx
FN:9,MovieList
FN:12,(anonymous_2)
FNF:2
FNH:2
FNDA:1,MovieList
FNDA:2,(anonymous_2)
DA:1,2
DA:3,2
DA:10,1
DA:13,2
DA:22,2
LF:5
LH:5
BRF:0
BRH:0
end_of_record
TN:
SF:src\components\Navbar\Navbar.tsx
FN:7,Navbar
FN:18,(anonymous_2)
FN:29,(anonymous_3)
FNF:3
FNH:3
FNDA:2,Navbar
FNDA:2,(anonymous_2)
FNDA:2,(anonymous_3)
DA:1,1
DA:3,1
DA:5,1
DA:11,2
DA:13,2
DA:19,2
DA:30,2
DA:53,1
LF:8
LH:8
BRDA:19,0,0,1
BRDA:19,0,1,1
BRDA:30,1,0,1
BRDA:30,1,1,1
BRDA:43,2,0,2
BRDA:43,2,1,0
BRF:6
BRH:5
end_of_record
TN:
SF:src\components\Pagination\Pagination.tsx
FN:8,Pagination
FN:14,(anonymous_2)
FN:24,(anonymous_3)
FNF:3
FNH:3
FNDA:4,Pagination
FNDA:1,(anonymous_2)
FNDA:1,(anonymous_3)
DA:1,2
DA:9,4
DA:14,1
DA:24,1
DA:32,2
LF:5
LH:5
BRF:0
BRH:0
end_of_record
TN:
SF:src\components\SearchBar\SearchBar.tsx
FN:8,SearchBar
FN:15,(anonymous_2)
FNF:2
FNH:2
FNDA:9,SearchBar
FNDA:6,(anonymous_2)
DA:1,2
DA:9,9
DA:15,6
DA:20,2
LF:4
LH:4
BRF:0
BRH:0
end_of_record
TN:
SF:src\components\SubmissionCard\SubmissionCard.tsx
FN:9,SubmissionCard
FN:28,(anonymous_2)
FNF:2
FNH:0
FNDA:0,SubmissionCard
FNDA:0,(anonymous_2)
DA:2,2
DA:10,0
DA:28,0
DA:37,2
LF:4
LH:2
BRDA:14,0,0,0
BRDA:14,0,1,0
BRF:2
BRH:0
end_of_record
TN:
SF:src\components\ThrowErrorButton\ThrowErrorButton.tsx
FN:3,ThrowErrorButton
FN:15,(anonymous_1)
FNF:2
FNH:2
FNDA:14,ThrowErrorButton
FNDA:1,(anonymous_1)
DA:1,3
DA:5,14
DA:7,13
DA:8,2
DA:13,11
DA:16,1
DA:31,3
LF:7
LH:7
BRDA:7,0,0,2
BRDA:7,0,1,11
BRF:2
BRH:2
end_of_record
TN:
SF:src\config\env.ts
FNF:0
FNH:0
DA:1,2
DA:3,2
LF:2
LH:2
BRF:0
BRH:0
end_of_record
TN:
SF:src\context\ThemeContext.tsx
FN:23,ThemeProvider
FN:31,toggleTheme
FN:32,(anonymous_2)
FN:39,(anonymous_3)
FN:58,useTheme
FNF:5
FNH:5
FNDA:5,ThemeProvider
FNDA:1,toggleTheme
FNDA:1,(anonymous_2)
FNDA:5,(anonymous_3)
FNDA:5,useTheme
DA:1,2
DA:19,2
DA:23,2
DA:29,5
DA:32,1
DA:33,1
DA:39,5
DA:40,5
DA:46,5
DA:58,2
DA:60,5
DA:62,5
DA:63,0
DA:68,5
LF:14
LH:13
BRDA:33,0,0,1
BRDA:33,0,1,0
BRDA:62,1,0,0
BRDA:62,1,1,5
BRF:4
BRH:2
end_of_record
TN:
SF:src\hooks\useLocalStorage.ts
FN:3,useLocalStorage
FN:7,(anonymous_1)
FN:20,(anonymous_2)
FNF:3
FNH:2
FNDA:1,useLocalStorage
FNDA:1,(anonymous_1)
FNDA:0,(anonymous_2)
DA:1,1
DA:7,1
DA:8,1
DA:10,1
DA:12,1
DA:16,0
DA:20,1
DA:23,0
DA:25,0
DA:31,1
DA:34,1
LF:11
LH:8
BRDA:12,0,0,0
BRDA:12,0,1,1
BRF:2
BRH:1
end_of_record
TN:
SF:src\hooks\useMovieDetails.ts
FN:9,useMovieDetails
FN:18,(anonymous_1)
FNF:2
FNH:2
FNDA:4,useMovieDetails
FNDA:2,(anonymous_1)
DA:1,2
DA:5,2
DA:12,4
DA:19,2
DA:26,4
DA:44,2
LF:6
LH:6
BRDA:28,0,0,4
BRDA:28,0,1,3
BRF:2
BRH:2
end_of_record
TN:
SF:src\hooks\useMovies.ts
FN:9,useMovies
FN:20,(anonymous_1)
FNF:2
FNH:2
FNDA:5,useMovies
FNDA:3,(anonymous_1)
DA:1,2
DA:5,2
DA:13,5
DA:21,3
DA:32,5
DA:51,2
LF:6
LH:6
BRDA:34,0,0,5
BRDA:34,0,1,4
BRF:2
BRH:2
end_of_record
TN:
SF:src\layouts\MainLayout.tsx
FN:4,MainLayout
FNF:1
FNH:1
FNDA:2,MainLayout
DA:1,1
DA:2,1
DA:5,2
DA:13,1
LF:4
LH:4
BRF:0
BRH:0
end_of_record
TN:
SF:src\pages\About\About.tsx
FN:3,About
FNF:1
FNH:1
FNDA:1,About
DA:1,1
DA:4,1
DA:32,1
LF:3
LH:3
BRF:0
BRH:0
end_of_record
TN:
SF:src\pages\Details\Details.tsx
FN:11,Details
FN:42,(anonymous_2)
FNF:2
FNH:1
FNDA:1,Details
FNDA:0,(anonymous_2)
DA:1,2
DA:5,2
DA:7,2
DA:9,2
DA:13,1
DA:21,1
DA:25,1
DA:27,1
DA:43,0
DA:113,2
LF:10
LH:9
BRDA:22,0,0,1
BRDA:22,0,1,0
BRDA:25,1,0,0
BRDA:25,1,1,1
BRDA:29,2,0,1
BRDA:29,2,1,1
BRDA:29,2,2,0
BRDA:34,3,0,1
BRDA:34,3,1,0
BRDA:51,4,0,1
BRDA:51,4,1,1
BRDA:51,4,2,1
BRDA:51,4,3,1
BRDA:60,5,0,1
BRDA:60,5,1,0
BRDA:82,6,0,1
BRDA:82,6,1,0
BRDA:92,7,0,1
BRDA:92,7,1,0
BRDA:98,8,0,1
BRDA:98,8,1,1
BRDA:98,8,2,1
BRDA:98,8,3,0
BRF:23
BRH:15
end_of_record
TN:
SF:src\pages\Home\Home.tsx
FN:27,Home
FN:47,(anonymous_2)
FN:48,(anonymous_3)
FN:53,(anonymous_4)
FN:57,handleSearch
FN:63,(anonymous_6)
FN:70,handlePageChange
FN:80,closeDetails
FN:146,(anonymous_9)
FN:161,(anonymous_10)
FN:174,(anonymous_11)
FN:176,(anonymous_12)
FNF:12
FNH:4
FNDA:9,Home
FNDA:33,(anonymous_2)
FNDA:33,(anonymous_3)
FNDA:0,(anonymous_4)
FNDA:6,handleSearch
FNDA:0,(anonymous_6)
FNDA:0,handlePageChange
FNDA:0,closeDetails
FNDA:0,(anonymous_9)
FNDA:0,(anonymous_10)
FNDA:0,(anonymous_11)
FNDA:0,(anonymous_12)
DA:1,2
DA:2,2
DA:9,2
DA:10,2
DA:12,2
DA:13,2
DA:14,2
DA:15,2
DA:16,2
DA:17,2
DA:19,2
DA:20,2
DA:21,2
DA:23,2
DA:25,2
DA:28,9
DA:29,9
DA:30,9
DA:32,9
DA:37,9
DA:39,9
DA:40,9
DA:42,9
DA:47,33
DA:48,33
DA:50,9
DA:53,9
DA:54,0
DA:58,6
DA:60,6
DA:61,6
DA:63,0
DA:66,6
DA:71,0
DA:75,0
DA:77,0
DA:81,0
DA:84,9
DA:146,0
DA:162,0
DA:174,0
DA:176,0
DA:182,2
LF:43
LH:33
BRDA:39,0,0,9
BRDA:39,0,1,3
BRDA:40,1,0,9
BRDA:40,1,1,3
BRDA:60,2,0,6
BRDA:60,2,1,0
BRDA:75,3,0,0
BRDA:75,3,1,0
BRDA:95,4,0,9
BRDA:95,4,1,1
BRDA:104,5,0,9
BRDA:104,5,1,0
BRDA:110,6,0,1
BRDA:110,6,1,8
BRDA:112,7,0,0
BRDA:112,7,1,8
BRDA:131,8,0,9
BRDA:131,8,1,0
BRDA:135,9,0,9
BRDA:135,9,1,0
BRDA:155,10,0,9
BRDA:155,10,1,0
BRF:22
BRH:14
end_of_record
TN:
SF:src\pages\NotFound\NotFound.tsx
FN:3,NotFound
FNF:1
FNH:1
FNDA:1,NotFound
DA:1,2
DA:4,1
DA:13,2
LF:3
LH:3
BRF:0
BRH:0
end_of_record
TN:
SF:src\routes\AppRoutes.tsx
FN:16,AppRoutes
FNF:1
FNH:1
FNDA:2,AppRoutes
DA:1,1
DA:6,1
DA:8,1
DA:10,1
DA:12,1
DA:14,1
DA:17,2
DA:60,1
LF:8
LH:8
BRF:0
BRH:0
end_of_record
TN:
SF:src\services\api.ts
FN:10,getMovies
FN:24,getMovieDetails
FNF:2
FNH:1
FNDA:2,getMovies
FNDA:0,getMovieDetails
DA:2,2
DA:4,2
DA:10,2
DA:11,2
DA:15,2
DA:17,1
DA:18,0
DA:21,1
DA:24,2
DA:25,0
DA:29,0
DA:30,0
DA:33,0
LF:13
LH:8
BRDA:11,0,0,0
BRDA:11,0,1,2
BRDA:17,1,0,0
BRDA:17,1,1,1
BRDA:29,2,0,0
BRDA:29,2,1,0
BRF:6
BRH:2
end_of_record
TN:
SF:src\store\useFormsStore.ts
FN:21,(anonymous_0)
FN:24,(anonymous_1)
FN:25,(anonymous_2)
FN:29,(anonymous_3)
FN:30,(anonymous_4)
FN:31,(anonymous_5)
FNF:6
FNH:1
FNDA:2,(anonymous_0)
FNDA:0,(anonymous_1)
FNDA:0,(anonymous_2)
FNDA:0,(anonymous_3)
FNDA:0,(anonymous_4)
FNDA:0,(anonymous_5)
DA:1,2
DA:21,2
DA:25,0
DA:30,0
DA:31,0
LF:5
LH:2
BRF:0
BRH:0
end_of_record
TN:
SF:src\store\useSelectedMovies.ts
FN:22,(anonymous_0)
FN:25,(anonymous_1)
FN:27,(anonymous_2)
FN:34,(anonymous_3)
FN:48,(anonymous_4)
FN:51,(anonymous_5)
FN:53,(anonymous_6)
FNF:7
FNH:7
FNDA:4,(anonymous_0)
FNDA:5,(anonymous_1)
FNDA:1,(anonymous_2)
FNDA:1,(anonymous_3)
FNDA:5,(anonymous_4)
FNDA:4,(anonymous_5)
FNDA:1,(anonymous_6)
DA:1,4
DA:21,4
DA:22,4
DA:26,5
DA:27,1
DA:30,5
DA:31,1
DA:35,1
DA:39,4
DA:49,5
DA:52,4
DA:53,1
LF:12
LH:12
BRDA:30,0,0,1
BRDA:30,0,1,4
BRF:2
BRH:2
end_of_record
TN:
SF:src\tests\queryWrapper.tsx
FN:10,createWrapper
FN:20,Wrapper
FNF:2
FNH:2
FNDA:5,createWrapper
FNDA:6,Wrapper
DA:1,3
DA:10,3
DA:12,5
DA:20,5
DA:23,6
LF:5
LH:5
BRF:0
BRH:0
end_of_record
